{"uuid":"195b6f96-4c3f-43d7-b7c0-6489367e5552","historyId":"8ae8fb559329767389d6d3a3d80a1f79","fullName":"MiniAppCenter.TestCases.addRemoveMemberFromMiniApp.removeMemberFromAMiniAppWithEmail","labels":[{"name":"package","value":"MiniAppCenter.TestCases.addRemoveMemberFromMiniApp"},{"name":"testClass","value":"MiniAppCenter.TestCases.addRemoveMemberFromMiniApp"},{"name":"testMethod","value":"removeMemberFromAMiniAppWithEmail"},{"name":"parentSuite","value":"Default Suite"},{"name":"suite","value":"MiniAppCenter"},{"name":"subSuite","value":"MiniAppCenter.TestCases.addRemoveMemberFromMiniApp"},{"name":"host","value":"NAMHO-ITC-APP.local"},{"name":"thread","value":"59788@NAMHO-ITC-APP.local.main(1)"},{"name":"framework","value":"testng"},{"name":"language","value":"java"}],"links":[],"name":"removeMemberFromAMiniAppWithEmail","status":"broken","statusDetails":{"known":false,"muted":false,"flaky":false,"message":"stale element reference: element is not attached to the page document\n  (Session info: chrome=107.0.5304.87)\nFor documentation on this error, please visit: https://selenium.dev/exceptions/#stale_element_reference\nBuild info: version: '4.5.0', revision: 'fe167b119a'\nSystem info: os.name: 'Mac OS X', os.arch: 'aarch64', os.version: '12.4', java.version: '18.0.2'\nDriver info: org.openqa.selenium.chrome.ChromeDriver\nCommand: [817c1c6205f861f96b99c6da4df765ef, clickElement {id=ffd7f181-0307-4275-a4f4-664a113350b2}]\nCapabilities {acceptInsecureCerts: false, browserName: chrome, browserVersion: 107.0.5304.87, chrome: {chromedriverVersion: 107.0.5304.62 (1eec40d3a576..., userDataDir: /var/folders/nc/1s6tz33n609...}, goog:chromeOptions: {debuggerAddress: localhost:52774}, networkConnectionEnabled: false, pageLoadStrategy: normal, platformName: MAC, proxy: Proxy(), se:cdp: ws://localhost:52774/devtoo..., se:cdpVersion: 107.0.5304.87, setWindowRect: true, strictFileInteractability: false, timeouts: {implicit: 0, pageLoad: 300000, script: 30000}, unhandledPromptBehavior: dismiss and notify, webauthn:extension:credBlob: true, webauthn:extension:largeBlob: true, webauthn:virtualAuthenticators: true}\nElement: [[ChromeDriver: chrome on MAC (817c1c6205f861f96b99c6da4df765ef)] -> xpath: //span[contains(text(),'Settings')]]\nSession ID: 817c1c6205f861f96b99c6da4df765ef","trace":"org.openqa.selenium.StaleElementReferenceException: stale element reference: element is not attached to the page document\n  (Session info: chrome=107.0.5304.87)\nFor documentation on this error, please visit: https://selenium.dev/exceptions/#stale_element_reference\nBuild info: version: '4.5.0', revision: 'fe167b119a'\nSystem info: os.name: 'Mac OS X', os.arch: 'aarch64', os.version: '12.4', java.version: '18.0.2'\nDriver info: org.openqa.selenium.chrome.ChromeDriver\nCommand: [817c1c6205f861f96b99c6da4df765ef, clickElement {id=ffd7f181-0307-4275-a4f4-664a113350b2}]\nCapabilities {acceptInsecureCerts: false, browserName: chrome, browserVersion: 107.0.5304.87, chrome: {chromedriverVersion: 107.0.5304.62 (1eec40d3a576..., userDataDir: /var/folders/nc/1s6tz33n609...}, goog:chromeOptions: {debuggerAddress: localhost:52774}, networkConnectionEnabled: false, pageLoadStrategy: normal, platformName: MAC, proxy: Proxy(), se:cdp: ws://localhost:52774/devtoo..., se:cdpVersion: 107.0.5304.87, setWindowRect: true, strictFileInteractability: false, timeouts: {implicit: 0, pageLoad: 300000, script: 30000}, unhandledPromptBehavior: dismiss and notify, webauthn:extension:credBlob: true, webauthn:extension:largeBlob: true, webauthn:virtualAuthenticators: true}\nElement: [[ChromeDriver: chrome on MAC (817c1c6205f861f96b99c6da4df765ef)] -> xpath: //span[contains(text(),'Settings')]]\nSession ID: 817c1c6205f861f96b99c6da4df765ef\n\tat java.base/jdk.internal.reflect.DirectConstructorHandleAccessor.newInstance(DirectConstructorHandleAccessor.java:67)\n\tat java.base/java.lang.reflect.Constructor.newInstanceWithCaller(Constructor.java:499)\n\tat java.base/java.lang.reflect.Constructor.newInstance(Constructor.java:483)\n\tat org.openqa.selenium.remote.codec.w3c.W3CHttpResponseCodec.createException(W3CHttpResponseCodec.java:200)\n\tat org.openqa.selenium.remote.codec.w3c.W3CHttpResponseCodec.decode(W3CHttpResponseCodec.java:133)\n\tat org.openqa.selenium.remote.codec.w3c.W3CHttpResponseCodec.decode(W3CHttpResponseCodec.java:53)\n\tat org.openqa.selenium.remote.HttpCommandExecutor.execute(HttpCommandExecutor.java:184)\n\tat org.openqa.selenium.remote.service.DriverCommandExecutor.invokeExecute(DriverCommandExecutor.java:167)\n\tat org.openqa.selenium.remote.service.DriverCommandExecutor.execute(DriverCommandExecutor.java:142)\n\tat org.openqa.selenium.remote.RemoteWebDriver.execute(RemoteWebDriver.java:547)\n\tat org.openqa.selenium.remote.RemoteWebElement.execute(RemoteWebElement.java:257)\n\tat org.openqa.selenium.remote.RemoteWebElement.click(RemoteWebElement.java:78)\n\tat utils.WebUI.clickElement(WebUI.java:46)\n\tat MiniAppCenter.Pages.MinIAppHomePage.goIntoTeamInfoPage(MinIAppHomePage.java:53)\n\tat MiniAppCenter.TestCases.addRemoveMemberFromMiniApp.removeMemberFromAMiniAppWithEmail(addRemoveMemberFromMiniApp.java:93)\n\tat java.base/jdk.internal.reflect.DirectMethodHandleAccessor.invoke(DirectMethodHandleAccessor.java:104)\n\tat java.base/java.lang.reflect.Method.invoke(Method.java:577)\n\tat org.testng.internal.MethodInvocationHelper.invokeMethod(MethodInvocationHelper.java:133)\n\tat org.testng.internal.TestInvoker.invokeMethod(TestInvoker.java:598)\n\tat org.testng.internal.TestInvoker.invokeTestMethod(TestInvoker.java:173)\n\tat org.testng.internal.MethodRunner.runInSequence(MethodRunner.java:46)\n\tat org.testng.internal.TestInvoker$MethodInvocationAgent.invoke(TestInvoker.java:824)\n\tat org.testng.internal.TestInvoker.invokeTestMethods(TestInvoker.java:146)\n\tat org.testng.internal.TestMethodWorker.invokeTestMethods(TestMethodWorker.java:146)\n\tat org.testng.internal.TestMethodWorker.run(TestMethodWorker.java:128)\n\tat java.base/java.util.ArrayList.forEach(ArrayList.java:1511)\n\tat org.testng.TestRunner.privateRun(TestRunner.java:794)\n\tat org.testng.TestRunner.run(TestRunner.java:596)\n\tat org.testng.SuiteRunner.runTest(SuiteRunner.java:377)\n\tat org.testng.SuiteRunner.runSequentially(SuiteRunner.java:371)\n\tat org.testng.SuiteRunner.privateRun(SuiteRunner.java:332)\n\tat org.testng.SuiteRunner.run(SuiteRunner.java:276)\n\tat org.testng.SuiteRunnerWorker.runSuite(SuiteRunnerWorker.java:53)\n\tat org.testng.SuiteRunnerWorker.run(SuiteRunnerWorker.java:96)\n\tat org.testng.TestNG.runSuitesSequentially(TestNG.java:1212)\n\tat org.testng.TestNG.runSuitesLocally(TestNG.java:1134)\n\tat org.testng.TestNG.runSuites(TestNG.java:1063)\n\tat org.testng.TestNG.run(TestNG.java:1031)\n\tat com.intellij.rt.testng.IDEARemoteTestNG.run(IDEARemoteTestNG.java:66)\n\tat com.intellij.rt.testng.RemoteTestNGStarter.main(RemoteTestNGStarter.java:109)\n"},"stage":"finished","steps":[{"name":"Open URL: https://mini-app-center.web.app/","status":"passed","stage":"finished","steps":[],"attachments":[],"parameters":[{"name":"URL","value":"https://mini-app-center.web.app/"}],"start":1667375672320,"stop":1667375674609},{"name":"Click element: By.xpath: (//a[normalize-space() = 'Login'])[1]","status":"passed","stage":"finished","steps":[{"name":"Sleep 0 seconds","status":"passed","stage":"finished","steps":[],"attachments":[],"parameters":[{"name":"second","value":"0"}],"start":1667375675154,"stop":1667375675154},{"name":"Sleep 1 seconds","status":"passed","stage":"finished","steps":[],"attachments":[],"parameters":[{"name":"second","value":"1"}],"start":1667375675164,"stop":1667375676169}],"attachments":[],"parameters":[{"name":"by","value":"By.xpath: (//a[normalize-space() = 'Login'])[1]"}],"start":1667375674609,"stop":1667375676554},{"name":"Set text 0909872012 on By.xpath: //input[@id = 'login_email']","status":"passed","stage":"finished","steps":[{"name":"Sleep 0 seconds","status":"passed","stage":"finished","steps":[],"attachments":[],"parameters":[{"name":"second","value":"0"}],"start":1667375676597,"stop":1667375676597},{"name":"Sleep 1 seconds","status":"passed","stage":"finished","steps":[],"attachments":[],"parameters":[{"name":"second","value":"1"}],"start":1667375676608,"stop":1667375677613}],"attachments":[],"parameters":[{"name":"by","value":"By.xpath: //input[@id = 'login_email']"},{"name":"value","value":"0909872012"}],"start":1667375676581,"stop":1667375677699},{"name":"Set text 123456 on By.xpath: //input[@id = 'login_password']","status":"passed","stage":"finished","steps":[{"name":"Sleep 0 seconds","status":"passed","stage":"finished","steps":[],"attachments":[],"parameters":[{"name":"second","value":"0"}],"start":1667375677732,"stop":1667375677733},{"name":"Sleep 1 seconds","status":"passed","stage":"finished","steps":[],"attachments":[],"parameters":[{"name":"second","value":"1"}],"start":1667375677739,"stop":1667375678741}],"attachments":[],"parameters":[{"name":"by","value":"By.xpath: //input[@id = 'login_password']"},{"name":"value","value":"123456"}],"start":1667375677712,"stop":1667375678787},{"name":"Click element: By.xpath: //span[contains(@aria-label,'eye')]","status":"passed","stage":"finished","steps":[{"name":"Sleep 0 seconds","status":"passed","stage":"finished","steps":[],"attachments":[],"parameters":[{"name":"second","value":"0"}],"start":1667375678802,"stop":1667375678802},{"name":"Sleep 1 seconds","status":"passed","stage":"finished","steps":[],"attachments":[],"parameters":[{"name":"second","value":"1"}],"start":1667375678807,"stop":1667375679812}],"attachments":[],"parameters":[{"name":"by","value":"By.xpath: //span[contains(@aria-label,'eye')]"}],"start":1667375678787,"stop":1667375679850},{"name":"Click element: By.xpath: //span[contains(@aria-label,'eye')]","status":"passed","stage":"finished","steps":[{"name":"Sleep 0 seconds","status":"passed","stage":"finished","steps":[],"attachments":[],"parameters":[{"name":"second","value":"0"}],"start":1667375679872,"stop":1667375679872},{"name":"Sleep 1 seconds","status":"passed","stage":"finished","steps":[],"attachments":[],"parameters":[{"name":"second","value":"1"}],"start":1667375679878,"stop":1667375680881}],"attachments":[],"parameters":[{"name":"by","value":"By.xpath: //span[contains(@aria-label,'eye')]"}],"start":1667375679860,"stop":1667375680917},{"name":"Click element: By.xpath: //button[@type='submit']","status":"passed","stage":"finished","steps":[{"name":"Sleep 0 seconds","status":"passed","stage":"finished","steps":[],"attachments":[],"parameters":[{"name":"second","value":"0"}],"start":1667375680940,"stop":1667375680940},{"name":"Sleep 1 seconds","status":"passed","stage":"finished","steps":[],"attachments":[],"parameters":[{"name":"second","value":"1"}],"start":1667375680944,"stop":1667375681949}],"attachments":[],"parameters":[{"name":"by","value":"By.xpath: //button[@type='submit']"}],"start":1667375680927,"stop":1667375682001},{"name":"Sleep 3 seconds","status":"passed","stage":"finished","steps":[],"attachments":[],"parameters":[{"name":"second","value":"3"}],"start":1667375687421,"stop":1667375690421},{"name":"Sleep 3 seconds","status":"passed","stage":"finished","steps":[],"attachments":[],"parameters":[{"name":"second","value":"3"}],"start":1667375690442,"stop":1667375693442},{"name":"Sleep 2 seconds","status":"passed","stage":"finished","steps":[],"attachments":[],"parameters":[{"name":"second","value":"2"}],"start":1667375693457,"stop":1667375695460},{"name":"Click element: By.xpath: //span[contains(text(),'Nam Test')]","status":"passed","stage":"finished","steps":[{"name":"Sleep 0 seconds","status":"passed","stage":"finished","steps":[],"attachments":[],"parameters":[{"name":"second","value":"0"}],"start":1667375695475,"stop":1667375695475},{"name":"Sleep 1 seconds","status":"passed","stage":"finished","steps":[],"attachments":[],"parameters":[{"name":"second","value":"1"}],"start":1667375695481,"stop":1667375696483}],"attachments":[],"parameters":[{"name":"by","value":"By.xpath: //span[contains(text(),'Nam Test')]"}],"start":1667375695461,"stop":1667375696543},{"name":"Click element: By.xpath: //*[@class='ant-menu-title-content' and contains(text(),'Mini Apps')]","status":"passed","stage":"finished","steps":[{"name":"Sleep 0 seconds","status":"passed","stage":"finished","steps":[],"attachments":[],"parameters":[{"name":"second","value":"0"}],"start":1667375697077,"stop":1667375697077},{"name":"Sleep 1 seconds","status":"passed","stage":"finished","steps":[],"attachments":[],"parameters":[{"name":"second","value":"1"}],"start":1667375697083,"stop":1667375698088}],"attachments":[],"parameters":[{"name":"by","value":"By.xpath: //*[@class='ant-menu-title-content' and contains(text(),'Mini Apps')]"}],"start":1667375696543,"stop":1667375698140},{"name":"Click element: By.xpath: //span[contains(text(),'View')]","status":"passed","stage":"finished","steps":[{"name":"Sleep 0 seconds","status":"passed","stage":"finished","steps":[],"attachments":[],"parameters":[{"name":"second","value":"0"}],"start":1667375700202,"stop":1667375700202},{"name":"Sleep 1 seconds","status":"passed","stage":"finished","steps":[],"attachments":[],"parameters":[{"name":"second","value":"1"}],"start":1667375700209,"stop":1667375701214}],"attachments":[],"parameters":[{"name":"by","value":"By.xpath: //span[contains(text(),'View')]"}],"start":1667375698140,"stop":1667375701266},{"name":"Visibility of element located By.xpath: //span[contains(text(),'Overview')]","status":"passed","stage":"finished","steps":[],"attachments":[],"parameters":[{"name":"by","value":"By.xpath: //span[contains(text(),'Overview')]"}],"start":1667375701266,"stop":1667375703491},{"name":"Click element: By.xpath: //span[contains(text(),'Settings')]","status":"broken","statusDetails":{"known":false,"muted":false,"flaky":false,"message":"stale element reference: element is not attached to the page document\n  (Session info: chrome=107.0.5304.87)\nFor documentation on this error, please visit: https://selenium.dev/exceptions/#stale_element_reference\nBuild info: version: '4.5.0', revision: 'fe167b119a'\nSystem info: os.name: 'Mac OS X', os.arch: 'aarch64', os.version: '12.4', java.version: '18.0.2'\nDriver info: org.openqa.selenium.chrome.ChromeDriver\nCommand: [817c1c6205f861f96b99c6da4df765ef, clickElement {id=ffd7f181-0307-4275-a4f4-664a113350b2}]\nCapabilities {acceptInsecureCerts: false, browserName: chrome, browserVersion: 107.0.5304.87, chrome: {chromedriverVersion: 107.0.5304.62 (1eec40d3a576..., userDataDir: /var/folders/nc/1s6tz33n609...}, goog:chromeOptions: {debuggerAddress: localhost:52774}, networkConnectionEnabled: false, pageLoadStrategy: normal, platformName: MAC, proxy: Proxy(), se:cdp: ws://localhost:52774/devtoo..., se:cdpVersion: 107.0.5304.87, setWindowRect: true, strictFileInteractability: false, timeouts: {implicit: 0, pageLoad: 300000, script: 30000}, unhandledPromptBehavior: dismiss and notify, webauthn:extension:credBlob: true, webauthn:extension:largeBlob: true, webauthn:virtualAuthenticators: true}\nElement: [[ChromeDriver: chrome on MAC (817c1c6205f861f96b99c6da4df765ef)] -> xpath: //span[contains(text(),'Settings')]]\nSession ID: 817c1c6205f861f96b99c6da4df765ef","trace":"org.openqa.selenium.StaleElementReferenceException: stale element reference: element is not attached to the page document\n  (Session info: chrome=107.0.5304.87)\nFor documentation on this error, please visit: https://selenium.dev/exceptions/#stale_element_reference\nBuild info: version: '4.5.0', revision: 'fe167b119a'\nSystem info: os.name: 'Mac OS X', os.arch: 'aarch64', os.version: '12.4', java.version: '18.0.2'\nDriver info: org.openqa.selenium.chrome.ChromeDriver\nCommand: [817c1c6205f861f96b99c6da4df765ef, clickElement {id=ffd7f181-0307-4275-a4f4-664a113350b2}]\nCapabilities {acceptInsecureCerts: false, browserName: chrome, browserVersion: 107.0.5304.87, chrome: {chromedriverVersion: 107.0.5304.62 (1eec40d3a576..., userDataDir: /var/folders/nc/1s6tz33n609...}, goog:chromeOptions: {debuggerAddress: localhost:52774}, networkConnectionEnabled: false, pageLoadStrategy: normal, platformName: MAC, proxy: Proxy(), se:cdp: ws://localhost:52774/devtoo..., se:cdpVersion: 107.0.5304.87, setWindowRect: true, strictFileInteractability: false, timeouts: {implicit: 0, pageLoad: 300000, script: 30000}, unhandledPromptBehavior: dismiss and notify, webauthn:extension:credBlob: true, webauthn:extension:largeBlob: true, webauthn:virtualAuthenticators: true}\nElement: [[ChromeDriver: chrome on MAC (817c1c6205f861f96b99c6da4df765ef)] -> xpath: //span[contains(text(),'Settings')]]\nSession ID: 817c1c6205f861f96b99c6da4df765ef\n\tat java.base/jdk.internal.reflect.DirectConstructorHandleAccessor.newInstance(DirectConstructorHandleAccessor.java:67)\n\tat java.base/java.lang.reflect.Constructor.newInstanceWithCaller(Constructor.java:499)\n\tat java.base/java.lang.reflect.Constructor.newInstance(Constructor.java:483)\n\tat org.openqa.selenium.remote.codec.w3c.W3CHttpResponseCodec.createException(W3CHttpResponseCodec.java:200)\n\tat org.openqa.selenium.remote.codec.w3c.W3CHttpResponseCodec.decode(W3CHttpResponseCodec.java:133)\n\tat org.openqa.selenium.remote.codec.w3c.W3CHttpResponseCodec.decode(W3CHttpResponseCodec.java:53)\n\tat org.openqa.selenium.remote.HttpCommandExecutor.execute(HttpCommandExecutor.java:184)\n\tat org.openqa.selenium.remote.service.DriverCommandExecutor.invokeExecute(DriverCommandExecutor.java:167)\n\tat org.openqa.selenium.remote.service.DriverCommandExecutor.execute(DriverCommandExecutor.java:142)\n\tat org.openqa.selenium.remote.RemoteWebDriver.execute(RemoteWebDriver.java:547)\n\tat org.openqa.selenium.remote.RemoteWebElement.execute(RemoteWebElement.java:257)\n\tat org.openqa.selenium.remote.RemoteWebElement.click(RemoteWebElement.java:78)\n\tat utils.WebUI.clickElement(WebUI.java:46)\n\tat MiniAppCenter.Pages.MinIAppHomePage.goIntoTeamInfoPage(MinIAppHomePage.java:53)\n\tat MiniAppCenter.TestCases.addRemoveMemberFromMiniApp.removeMemberFromAMiniAppWithEmail(addRemoveMemberFromMiniApp.java:93)\n\tat java.base/jdk.internal.reflect.DirectMethodHandleAccessor.invoke(DirectMethodHandleAccessor.java:104)\n\tat java.base/java.lang.reflect.Method.invoke(Method.java:577)\n\tat org.testng.internal.MethodInvocationHelper.invokeMethod(MethodInvocationHelper.java:133)\n\tat org.testng.internal.TestInvoker.invokeMethod(TestInvoker.java:598)\n\tat org.testng.internal.TestInvoker.invokeTestMethod(TestInvoker.java:173)\n\tat org.testng.internal.MethodRunner.runInSequence(MethodRunner.java:46)\n\tat org.testng.internal.TestInvoker$MethodInvocationAgent.invoke(TestInvoker.java:824)\n\tat org.testng.internal.TestInvoker.invokeTestMethods(TestInvoker.java:146)\n\tat org.testng.internal.TestMethodWorker.invokeTestMethods(TestMethodWorker.java:146)\n\tat org.testng.internal.TestMethodWorker.run(TestMethodWorker.java:128)\n\tat java.base/java.util.ArrayList.forEach(ArrayList.java:1511)\n\tat org.testng.TestRunner.privateRun(TestRunner.java:794)\n\tat org.testng.TestRunner.run(TestRunner.java:596)\n\tat org.testng.SuiteRunner.runTest(SuiteRunner.java:377)\n\tat org.testng.SuiteRunner.runSequentially(SuiteRunner.java:371)\n\tat org.testng.SuiteRunner.privateRun(SuiteRunner.java:332)\n\tat org.testng.SuiteRunner.run(SuiteRunner.java:276)\n\tat org.testng.SuiteRunnerWorker.runSuite(SuiteRunnerWorker.java:53)\n\tat org.testng.SuiteRunnerWorker.run(SuiteRunnerWorker.java:96)\n\tat org.testng.TestNG.runSuitesSequentially(TestNG.java:1212)\n\tat org.testng.TestNG.runSuitesLocally(TestNG.java:1134)\n\tat org.testng.TestNG.runSuites(TestNG.java:1063)\n\tat org.testng.TestNG.run(TestNG.java:1031)\n\tat com.intellij.rt.testng.IDEARemoteTestNG.run(IDEARemoteTestNG.java:66)\n\tat com.intellij.rt.testng.RemoteTestNGStarter.main(RemoteTestNGStarter.java:109)\n"},"stage":"finished","steps":[{"name":"Sleep 0 seconds","status":"passed","stage":"finished","steps":[],"attachments":[],"parameters":[{"name":"second","value":"0"}],"start":1667375703506,"stop":1667375703506},{"name":"Sleep 1 seconds","status":"passed","stage":"finished","steps":[],"attachments":[],"parameters":[{"name":"second","value":"1"}],"start":1667375703513,"stop":1667375704516}],"attachments":[],"parameters":[{"name":"by","value":"By.xpath: //span[contains(text(),'Settings')]"}],"start":1667375703491,"stop":1667375704759}],"attachments":[{"name":"removeMemberFromAMiniAppWithEmailis failed and screenshot taken!","source":"d90458f3-bb56-466e-a747-ab70575f6d4d-attachment","type":"text/plain"},{"name":"Page screenshot","source":"09cc18a8-864e-4095-80fa-6eff67176b82-attachment","type":"image/png"}],"parameters":[],"start":1667375672303,"stop":1667375705130}