{"uuid":"66821127-e9ba-404c-96a1-2f5f126dede9","historyId":"f0ec468f8e410a1ea558c89ab79fdfb7","fullName":"MiniAppCenter.TestCases.BuildMiniAppTest.buildMiniappReactNative","labels":[{"name":"package","value":"MiniAppCenter.TestCases.BuildMiniAppTest"},{"name":"testClass","value":"MiniAppCenter.TestCases.BuildMiniAppTest"},{"name":"testMethod","value":"buildMiniappReactNative"},{"name":"parentSuite","value":"Suite"},{"name":"suite","value":"Smoke Test flow Add - Approved - Build Mini App"},{"name":"subSuite","value":"MiniAppCenter.TestCases.BuildMiniAppTest"},{"name":"host","value":"NGANDANG-ITC-APP.local"},{"name":"thread","value":"50235@NGANDANG-ITC-APP.local.main(1)"},{"name":"framework","value":"testng"},{"name":"language","value":"java"}],"links":[],"name":"buildMiniappReactNative","status":"broken","statusDetails":{"known":false,"muted":false,"flaky":false,"message":"Expected condition failed: waiting for visibility of element located by By.xpath: //button[@type='button']//span[contains(text(),'Build')] (tried for 10 second(s) with 500 milliseconds interval)\nBuild info: version: '4.5.0', revision: 'fe167b119a'\nSystem info: os.name: 'Mac OS X', os.arch: 'aarch64', os.version: '12.5.1', java.version: '19'\nDriver info: org.openqa.selenium.chrome.ChromeDriver\nCapabilities {acceptInsecureCerts: false, browserName: chrome, browserVersion: 106.0.5249.119, chrome: {chromedriverVersion: 106.0.5249.61 (511755355844..., userDataDir: /var/folders/57/zjxg7xzj2gd...}, goog:chromeOptions: {debuggerAddress: localhost:50613}, networkConnectionEnabled: false, pageLoadStrategy: normal, platformName: MAC, proxy: Proxy(), se:cdp: ws://localhost:50613/devtoo..., se:cdpVersion: 106.0.5249.119, setWindowRect: true, strictFileInteractability: false, timeouts: {implicit: 0, pageLoad: 300000, script: 30000}, unhandledPromptBehavior: dismiss and notify, webauthn:extension:credBlob: true, webauthn:extension:largeBlob: true, webauthn:virtualAuthenticators: true}\nSession ID: 391fc75baf51bbc859a61d82c15f5a16","trace":"org.openqa.selenium.TimeoutException: Expected condition failed: waiting for visibility of element located by By.xpath: //button[@type='button']//span[contains(text(),'Build')] (tried for 10 second(s) with 500 milliseconds interval)\nBuild info: version: '4.5.0', revision: 'fe167b119a'\nSystem info: os.name: 'Mac OS X', os.arch: 'aarch64', os.version: '12.5.1', java.version: '19'\nDriver info: org.openqa.selenium.chrome.ChromeDriver\nCapabilities {acceptInsecureCerts: false, browserName: chrome, browserVersion: 106.0.5249.119, chrome: {chromedriverVersion: 106.0.5249.61 (511755355844..., userDataDir: /var/folders/57/zjxg7xzj2gd...}, goog:chromeOptions: {debuggerAddress: localhost:50613}, networkConnectionEnabled: false, pageLoadStrategy: normal, platformName: MAC, proxy: Proxy(), se:cdp: ws://localhost:50613/devtoo..., se:cdpVersion: 106.0.5249.119, setWindowRect: true, strictFileInteractability: false, timeouts: {implicit: 0, pageLoad: 300000, script: 30000}, unhandledPromptBehavior: dismiss and notify, webauthn:extension:credBlob: true, webauthn:extension:largeBlob: true, webauthn:virtualAuthenticators: true}\nSession ID: 391fc75baf51bbc859a61d82c15f5a16\n\tat org.openqa.selenium.support.ui.WebDriverWait.timeoutException(WebDriverWait.java:87)\n\tat org.openqa.selenium.support.ui.FluentWait.until(FluentWait.java:231)\n\tat utils.WebUI.clickElement(WebUI.java:42)\n\tat MiniAppCenter.Pages.BuildMiniAppPage.buildMiniAppReactNative(BuildMiniAppPage.java:58)\n\tat MiniAppCenter.TestCases.BuildMiniAppTest.buildMiniappReactNative(BuildMiniAppTest.java:19)\n\tat java.base/jdk.internal.reflect.DirectMethodHandleAccessor.invoke(DirectMethodHandleAccessor.java:104)\n\tat java.base/java.lang.reflect.Method.invoke(Method.java:578)\n\tat org.testng.internal.MethodInvocationHelper.invokeMethod(MethodInvocationHelper.java:133)\n\tat org.testng.internal.TestInvoker.invokeMethod(TestInvoker.java:598)\n\tat org.testng.internal.TestInvoker.invokeTestMethod(TestInvoker.java:173)\n\tat org.testng.internal.MethodRunner.runInSequence(MethodRunner.java:46)\n\tat org.testng.internal.TestInvoker$MethodInvocationAgent.invoke(TestInvoker.java:824)\n\tat org.testng.internal.TestInvoker.invokeTestMethods(TestInvoker.java:146)\n\tat org.testng.internal.TestMethodWorker.invokeTestMethods(TestMethodWorker.java:146)\n\tat org.testng.internal.TestMethodWorker.run(TestMethodWorker.java:128)\n\tat java.base/java.util.ArrayList.forEach(ArrayList.java:1511)\n\tat org.testng.TestRunner.privateRun(TestRunner.java:794)\n\tat org.testng.TestRunner.run(TestRunner.java:596)\n\tat org.testng.SuiteRunner.runTest(SuiteRunner.java:377)\n\tat org.testng.SuiteRunner.runSequentially(SuiteRunner.java:371)\n\tat org.testng.SuiteRunner.privateRun(SuiteRunner.java:332)\n\tat org.testng.SuiteRunner.run(SuiteRunner.java:276)\n\tat org.testng.SuiteRunnerWorker.runSuite(SuiteRunnerWorker.java:53)\n\tat org.testng.SuiteRunnerWorker.run(SuiteRunnerWorker.java:96)\n\tat org.testng.TestNG.runSuitesSequentially(TestNG.java:1212)\n\tat org.testng.TestNG.runSuitesLocally(TestNG.java:1134)\n\tat org.testng.TestNG.runSuites(TestNG.java:1063)\n\tat org.testng.TestNG.run(TestNG.java:1031)\n\tat org.apache.maven.surefire.testng.TestNGExecutor.run(TestNGExecutor.java:324)\n\tat org.apache.maven.surefire.testng.TestNGXmlTestSuite.execute(TestNGXmlTestSuite.java:74)\n\tat org.apache.maven.surefire.testng.TestNGProvider.invoke(TestNGProvider.java:123)\n\tat org.apache.maven.surefire.booter.ForkedBooter.runSuitesInProcess(ForkedBooter.java:456)\n\tat org.apache.maven.surefire.booter.ForkedBooter.execute(ForkedBooter.java:169)\n\tat org.apache.maven.surefire.booter.ForkedBooter.run(ForkedBooter.java:595)\n\tat org.apache.maven.surefire.booter.ForkedBooter.main(ForkedBooter.java:581)\n"},"stage":"finished","steps":[{"name":"Open URL: https://mini-app-center.web.app/","status":"passed","stage":"finished","steps":[],"attachments":[],"parameters":[{"name":"URL","value":"https://mini-app-center.web.app/"}],"start":1666688855382,"stop":1666688856997},{"name":"Click element: By.xpath: (//a[normalize-space() = 'Login'])[1]","status":"passed","stage":"finished","steps":[{"name":"Sleep 0 seconds","status":"passed","stage":"finished","steps":[],"attachments":[],"parameters":[{"name":"second","value":"0"}],"start":1666688857524,"stop":1666688857524},{"name":"Sleep 1 seconds","status":"passed","stage":"finished","steps":[],"attachments":[],"parameters":[{"name":"second","value":"1"}],"start":1666688857530,"stop":1666688858535}],"attachments":[],"parameters":[{"name":"by","value":"By.xpath: (//a[normalize-space() = 'Login'])[1]"}],"start":1666688856997,"stop":1666688859196},{"name":"Set text 0967313471 on By.xpath: //input[@id = 'login_email']","status":"passed","stage":"finished","steps":[{"name":"Sleep 0 seconds","status":"passed","stage":"finished","steps":[],"attachments":[],"parameters":[{"name":"second","value":"0"}],"start":1666688859237,"stop":1666688859237},{"name":"Sleep 1 seconds","status":"passed","stage":"finished","steps":[],"attachments":[],"parameters":[{"name":"second","value":"1"}],"start":1666688859244,"stop":1666688860249}],"attachments":[],"parameters":[{"name":"by","value":"By.xpath: //input[@id = 'login_email']"},{"name":"value","value":"0967313471"}],"start":1666688859222,"stop":1666688860327},{"name":"Set text 119411NganNgan@ on By.xpath: //input[@id = 'login_password']","status":"passed","stage":"finished","steps":[{"name":"Sleep 0 seconds","status":"passed","stage":"finished","steps":[],"attachments":[],"parameters":[{"name":"second","value":"0"}],"start":1666688860353,"stop":1666688860353},{"name":"Sleep 1 seconds","status":"passed","stage":"finished","steps":[],"attachments":[],"parameters":[{"name":"second","value":"1"}],"start":1666688860359,"stop":1666688861364}],"attachments":[],"parameters":[{"name":"by","value":"By.xpath: //input[@id = 'login_password']"},{"name":"value","value":"119411NganNgan@"}],"start":1666688860340,"stop":1666688861416},{"name":"Click element: By.xpath: //button[@type='submit']","status":"passed","stage":"finished","steps":[{"name":"Sleep 0 seconds","status":"passed","stage":"finished","steps":[],"attachments":[],"parameters":[{"name":"second","value":"0"}],"start":1666688861432,"stop":1666688861432},{"name":"Sleep 1 seconds","status":"passed","stage":"finished","steps":[],"attachments":[],"parameters":[{"name":"second","value":"1"}],"start":1666688861437,"stop":1666688862439}],"attachments":[],"parameters":[{"name":"by","value":"By.xpath: //button[@type='submit']"}],"start":1666688861416,"stop":1666688862480},{"name":"Sleep 15 seconds","status":"passed","stage":"finished","steps":[],"attachments":[],"parameters":[{"name":"second","value":"15"}],"start":1666688862481,"stop":1666688877486},{"name":"Click element: By.xpath: //span[normalize-space()='Ngﾄハ Ngﾄハ Shop']","status":"passed","stage":"finished","steps":[{"name":"Sleep 0 seconds","status":"passed","stage":"finished","steps":[],"attachments":[],"parameters":[{"name":"second","value":"0"}],"start":1666688877528,"stop":1666688877528},{"name":"Sleep 1 seconds","status":"passed","stage":"finished","steps":[],"attachments":[],"parameters":[{"name":"second","value":"1"}],"start":1666688877536,"stop":1666688878538}],"attachments":[],"parameters":[{"name":"by","value":"By.xpath: //span[normalize-space()='Ngﾄハ Ngﾄハ Shop']"}],"start":1666688877490,"stop":1666688878585},{"name":"Click element: By.xpath: //span[@class='ant-menu-title-content'][normalize-space()='Mini Apps']","status":"passed","stage":"finished","steps":[{"name":"Sleep 0 seconds","status":"passed","stage":"finished","steps":[],"attachments":[],"parameters":[{"name":"second","value":"0"}],"start":1666688879128,"stop":1666688879128},{"name":"Sleep 1 seconds","status":"passed","stage":"finished","steps":[],"attachments":[],"parameters":[{"name":"second","value":"1"}],"start":1666688879137,"stop":1666688880143}],"attachments":[],"parameters":[{"name":"by","value":"By.xpath: //span[@class='ant-menu-title-content'][normalize-space()='Mini Apps']"}],"start":1666688878585,"stop":1666688880212},{"name":"Verrify Equal MINI APP LIST on By.xpath: //div[@class='title___49HqJ']","status":"passed","stage":"finished","steps":[],"attachments":[],"parameters":[{"name":"by","value":"By.xpath: //div[@class='title___49HqJ']"},{"name":"verifyText","value":"MINI APP LIST"},{"name":"message","value":"Title MINI APP LIST is NOT displayed"}],"start":1666688880212,"stop":1666688880769},{"name":"Sleep 2 seconds","status":"passed","stage":"finished","steps":[],"attachments":[],"parameters":[{"name":"second","value":"2"}],"start":1666688880769,"stop":1666688882774},{"name":"Set text Linsk Coffee on By.xpath: //input[@placeholder='Search Mini App']","status":"passed","stage":"finished","steps":[{"name":"Sleep 0 seconds","status":"passed","stage":"finished","steps":[],"attachments":[],"parameters":[{"name":"second","value":"0"}],"start":1666688882801,"stop":1666688882801},{"name":"Sleep 1 seconds","status":"passed","stage":"finished","steps":[],"attachments":[],"parameters":[{"name":"second","value":"1"}],"start":1666688882810,"stop":1666688883815}],"attachments":[],"parameters":[{"name":"by","value":"By.xpath: //input[@placeholder='Search Mini App']"},{"name":"value","value":"Linsk Coffee"}],"start":1666688882775,"stop":1666688883886},{"name":"Sleep 2 seconds","status":"passed","stage":"finished","steps":[],"attachments":[],"parameters":[{"name":"second","value":"2"}],"start":1666688883886,"stop":1666688885891},{"name":"Click element: By.xpath: //span[normalize-space()='View']","status":"passed","stage":"finished","steps":[{"name":"Sleep 0 seconds","status":"passed","stage":"finished","steps":[],"attachments":[],"parameters":[{"name":"second","value":"0"}],"start":1666688885924,"stop":1666688885924},{"name":"Sleep 1 seconds","status":"passed","stage":"finished","steps":[],"attachments":[],"parameters":[{"name":"second","value":"1"}],"start":1666688885934,"stop":1666688886939}],"attachments":[],"parameters":[{"name":"by","value":"By.xpath: //span[normalize-space()='View']"}],"start":1666688885892,"stop":1666688886992},{"name":"Sleep 2 seconds","status":"passed","stage":"finished","steps":[],"attachments":[],"parameters":[{"name":"second","value":"2"}],"start":1666688886992,"stop":1666688888999},{"name":"Click element: By.xpath: //button[@type='button']//span[contains(text(),'Build')]","status":"broken","statusDetails":{"known":false,"muted":false,"flaky":false,"message":"Expected condition failed: waiting for visibility of element located by By.xpath: //button[@type='button']//span[contains(text(),'Build')] (tried for 10 second(s) with 500 milliseconds interval)\nBuild info: version: '4.5.0', revision: 'fe167b119a'\nSystem info: os.name: 'Mac OS X', os.arch: 'aarch64', os.version: '12.5.1', java.version: '19'\nDriver info: org.openqa.selenium.chrome.ChromeDriver\nCapabilities {acceptInsecureCerts: false, browserName: chrome, browserVersion: 106.0.5249.119, chrome: {chromedriverVersion: 106.0.5249.61 (511755355844..., userDataDir: /var/folders/57/zjxg7xzj2gd...}, goog:chromeOptions: {debuggerAddress: localhost:50613}, networkConnectionEnabled: false, pageLoadStrategy: normal, platformName: MAC, proxy: Proxy(), se:cdp: ws://localhost:50613/devtoo..., se:cdpVersion: 106.0.5249.119, setWindowRect: true, strictFileInteractability: false, timeouts: {implicit: 0, pageLoad: 300000, script: 30000}, unhandledPromptBehavior: dismiss and notify, webauthn:extension:credBlob: true, webauthn:extension:largeBlob: true, webauthn:virtualAuthenticators: true}\nSession ID: 391fc75baf51bbc859a61d82c15f5a16","trace":"org.openqa.selenium.TimeoutException: Expected condition failed: waiting for visibility of element located by By.xpath: //button[@type='button']//span[contains(text(),'Build')] (tried for 10 second(s) with 500 milliseconds interval)\nBuild info: version: '4.5.0', revision: 'fe167b119a'\nSystem info: os.name: 'Mac OS X', os.arch: 'aarch64', os.version: '12.5.1', java.version: '19'\nDriver info: org.openqa.selenium.chrome.ChromeDriver\nCapabilities {acceptInsecureCerts: false, browserName: chrome, browserVersion: 106.0.5249.119, chrome: {chromedriverVersion: 106.0.5249.61 (511755355844..., userDataDir: /var/folders/57/zjxg7xzj2gd...}, goog:chromeOptions: {debuggerAddress: localhost:50613}, networkConnectionEnabled: false, pageLoadStrategy: normal, platformName: MAC, proxy: Proxy(), se:cdp: ws://localhost:50613/devtoo..., se:cdpVersion: 106.0.5249.119, setWindowRect: true, strictFileInteractability: false, timeouts: {implicit: 0, pageLoad: 300000, script: 30000}, unhandledPromptBehavior: dismiss and notify, webauthn:extension:credBlob: true, webauthn:extension:largeBlob: true, webauthn:virtualAuthenticators: true}\nSession ID: 391fc75baf51bbc859a61d82c15f5a16\n\tat org.openqa.selenium.support.ui.WebDriverWait.timeoutException(WebDriverWait.java:87)\n\tat org.openqa.selenium.support.ui.FluentWait.until(FluentWait.java:231)\n\tat utils.WebUI.clickElement(WebUI.java:42)\n\tat MiniAppCenter.Pages.BuildMiniAppPage.buildMiniAppReactNative(BuildMiniAppPage.java:58)\n\tat MiniAppCenter.TestCases.BuildMiniAppTest.buildMiniappReactNative(BuildMiniAppTest.java:19)\n\tat java.base/jdk.internal.reflect.DirectMethodHandleAccessor.invoke(DirectMethodHandleAccessor.java:104)\n\tat java.base/java.lang.reflect.Method.invoke(Method.java:578)\n\tat org.testng.internal.MethodInvocationHelper.invokeMethod(MethodInvocationHelper.java:133)\n\tat org.testng.internal.TestInvoker.invokeMethod(TestInvoker.java:598)\n\tat org.testng.internal.TestInvoker.invokeTestMethod(TestInvoker.java:173)\n\tat org.testng.internal.MethodRunner.runInSequence(MethodRunner.java:46)\n\tat org.testng.internal.TestInvoker$MethodInvocationAgent.invoke(TestInvoker.java:824)\n\tat org.testng.internal.TestInvoker.invokeTestMethods(TestInvoker.java:146)\n\tat org.testng.internal.TestMethodWorker.invokeTestMethods(TestMethodWorker.java:146)\n\tat org.testng.internal.TestMethodWorker.run(TestMethodWorker.java:128)\n\tat java.base/java.util.ArrayList.forEach(ArrayList.java:1511)\n\tat org.testng.TestRunner.privateRun(TestRunner.java:794)\n\tat org.testng.TestRunner.run(TestRunner.java:596)\n\tat org.testng.SuiteRunner.runTest(SuiteRunner.java:377)\n\tat org.testng.SuiteRunner.runSequentially(SuiteRunner.java:371)\n\tat org.testng.SuiteRunner.privateRun(SuiteRunner.java:332)\n\tat org.testng.SuiteRunner.run(SuiteRunner.java:276)\n\tat org.testng.SuiteRunnerWorker.runSuite(SuiteRunnerWorker.java:53)\n\tat org.testng.SuiteRunnerWorker.run(SuiteRunnerWorker.java:96)\n\tat org.testng.TestNG.runSuitesSequentially(TestNG.java:1212)\n\tat org.testng.TestNG.runSuitesLocally(TestNG.java:1134)\n\tat org.testng.TestNG.runSuites(TestNG.java:1063)\n\tat org.testng.TestNG.run(TestNG.java:1031)\n\tat org.apache.maven.surefire.testng.TestNGExecutor.run(TestNGExecutor.java:324)\n\tat org.apache.maven.surefire.testng.TestNGXmlTestSuite.execute(TestNGXmlTestSuite.java:74)\n\tat org.apache.maven.surefire.testng.TestNGProvider.invoke(TestNGProvider.java:123)\n\tat org.apache.maven.surefire.booter.ForkedBooter.runSuitesInProcess(ForkedBooter.java:456)\n\tat org.apache.maven.surefire.booter.ForkedBooter.execute(ForkedBooter.java:169)\n\tat org.apache.maven.surefire.booter.ForkedBooter.run(ForkedBooter.java:595)\n\tat org.apache.maven.surefire.booter.ForkedBooter.main(ForkedBooter.java:581)\n"},"stage":"finished","steps":[],"attachments":[],"parameters":[{"name":"by","value":"By.xpath: //button[@type='button']//span[contains(text(),'Build')]"}],"start":1666688888999,"stop":1666688899355}],"attachments":[{"name":"buildMiniappReactNativeis failed and screenshot taken!","source":"cc42e2db-abf4-4af2-9686-7c22ac82bd99-attachment","type":"text/plain"},{"name":"Page screenshot","source":"d6f6471c-2c2a-44ee-9c14-4e6a7fbf0a4c-attachment","type":"image/png"}],"parameters":[{"name":"browser","value":"chrome"}],"start":1666688855318,"stop":1666688899616}