{"uuid":"af07c78d-0f62-4f9f-a014-7532d5659aea","historyId":"56993a40a75ff02f58b6d76784b7ebc1","fullName":"MiniAppCenter.TestCases.AppInfoTest.configAppInfo","labels":[{"name":"package","value":"MiniAppCenter.TestCases.AppInfoTest"},{"name":"testClass","value":"MiniAppCenter.TestCases.AppInfoTest"},{"name":"testMethod","value":"configAppInfo"},{"name":"parentSuite","value":"Suite"},{"name":"suite","value":"Smoke Test flow Add - Approved - Build Mini App"},{"name":"subSuite","value":"MiniAppCenter.TestCases.AppInfoTest"},{"name":"host","value":"NGANDANG-ITC-APP.local"},{"name":"thread","value":"42917@NGANDANG-ITC-APP.local.main(1)"},{"name":"framework","value":"testng"},{"name":"language","value":"java"}],"links":[],"name":"configAppInfo","status":"broken","statusDetails":{"known":false,"muted":false,"flaky":false,"message":"Expected condition failed: waiting for visibility of element located by By.xpath: //span[normalize-space()='Ngăn Ngăn Shop'] (tried for 10 second(s) with 500 milliseconds interval)\nBuild info: version: '4.5.0', revision: 'fe167b119a'\nSystem info: os.name: 'Mac OS X', os.arch: 'aarch64', os.version: '12.5.1', java.version: '18.0.2'\nDriver info: org.openqa.selenium.chrome.ChromeDriver\nCapabilities {acceptInsecureCerts: false, browserName: chrome, browserVersion: 107.0.5304.87, chrome: {chromedriverVersion: 107.0.5304.62 (1eec40d3a576..., userDataDir: /var/folders/57/zjxg7xzj2gd...}, goog:chromeOptions: {debuggerAddress: localhost:52142}, networkConnectionEnabled: false, pageLoadStrategy: normal, platformName: MAC, proxy: Proxy(), se:cdp: ws://localhost:52142/devtoo..., se:cdpVersion: 107.0.5304.87, setWindowRect: true, strictFileInteractability: false, timeouts: {implicit: 0, pageLoad: 300000, script: 30000}, unhandledPromptBehavior: dismiss and notify, webauthn:extension:credBlob: true, webauthn:extension:largeBlob: true, webauthn:virtualAuthenticators: true}\nSession ID: 0a158937fd0365f24460061d348805cf","trace":"org.openqa.selenium.TimeoutException: Expected condition failed: waiting for visibility of element located by By.xpath: //span[normalize-space()='Ngăn Ngăn Shop'] (tried for 10 second(s) with 500 milliseconds interval)\nBuild info: version: '4.5.0', revision: 'fe167b119a'\nSystem info: os.name: 'Mac OS X', os.arch: 'aarch64', os.version: '12.5.1', java.version: '18.0.2'\nDriver info: org.openqa.selenium.chrome.ChromeDriver\nCapabilities {acceptInsecureCerts: false, browserName: chrome, browserVersion: 107.0.5304.87, chrome: {chromedriverVersion: 107.0.5304.62 (1eec40d3a576..., userDataDir: /var/folders/57/zjxg7xzj2gd...}, goog:chromeOptions: {debuggerAddress: localhost:52142}, networkConnectionEnabled: false, pageLoadStrategy: normal, platformName: MAC, proxy: Proxy(), se:cdp: ws://localhost:52142/devtoo..., se:cdpVersion: 107.0.5304.87, setWindowRect: true, strictFileInteractability: false, timeouts: {implicit: 0, pageLoad: 300000, script: 30000}, unhandledPromptBehavior: dismiss and notify, webauthn:extension:credBlob: true, webauthn:extension:largeBlob: true, webauthn:virtualAuthenticators: true}\nSession ID: 0a158937fd0365f24460061d348805cf\n\tat org.openqa.selenium.support.ui.WebDriverWait.timeoutException(WebDriverWait.java:87)\n\tat org.openqa.selenium.support.ui.FluentWait.until(FluentWait.java:231)\n\tat utils.WebUI.clickElement(WebUI.java:42)\n\tat MiniAppCenter.Pages.RegisterMiniAppPage.viewMiniAppList(RegisterMiniAppPage.java:39)\n\tat MiniAppCenter.Pages.AddMiniAppsPage.searchAndViewMiniApp(AddMiniAppsPage.java:110)\n\tat MiniAppCenter.TestCases.AppInfoTest.configAppInfo(AppInfoTest.java:17)\n\tat java.base/jdk.internal.reflect.DirectMethodHandleAccessor.invoke(DirectMethodHandleAccessor.java:104)\n\tat java.base/java.lang.reflect.Method.invoke(Method.java:577)\n\tat org.testng.internal.MethodInvocationHelper.invokeMethod(MethodInvocationHelper.java:133)\n\tat org.testng.internal.TestInvoker.invokeMethod(TestInvoker.java:598)\n\tat org.testng.internal.TestInvoker.invokeTestMethod(TestInvoker.java:173)\n\tat org.testng.internal.MethodRunner.runInSequence(MethodRunner.java:46)\n\tat org.testng.internal.TestInvoker$MethodInvocationAgent.invoke(TestInvoker.java:824)\n\tat org.testng.internal.TestInvoker.invokeTestMethods(TestInvoker.java:146)\n\tat org.testng.internal.TestMethodWorker.invokeTestMethods(TestMethodWorker.java:146)\n\tat org.testng.internal.TestMethodWorker.run(TestMethodWorker.java:128)\n\tat java.base/java.util.ArrayList.forEach(ArrayList.java:1511)\n\tat org.testng.TestRunner.privateRun(TestRunner.java:794)\n\tat org.testng.TestRunner.run(TestRunner.java:596)\n\tat org.testng.SuiteRunner.runTest(SuiteRunner.java:377)\n\tat org.testng.SuiteRunner.runSequentially(SuiteRunner.java:371)\n\tat org.testng.SuiteRunner.privateRun(SuiteRunner.java:332)\n\tat org.testng.SuiteRunner.run(SuiteRunner.java:276)\n\tat org.testng.SuiteRunnerWorker.runSuite(SuiteRunnerWorker.java:53)\n\tat org.testng.SuiteRunnerWorker.run(SuiteRunnerWorker.java:96)\n\tat org.testng.TestNG.runSuitesSequentially(TestNG.java:1212)\n\tat org.testng.TestNG.runSuitesLocally(TestNG.java:1134)\n\tat org.testng.TestNG.runSuites(TestNG.java:1063)\n\tat org.testng.TestNG.run(TestNG.java:1031)\n\tat org.apache.maven.surefire.testng.TestNGExecutor.run(TestNGExecutor.java:324)\n\tat org.apache.maven.surefire.testng.TestNGXmlTestSuite.execute(TestNGXmlTestSuite.java:74)\n\tat org.apache.maven.surefire.testng.TestNGProvider.invoke(TestNGProvider.java:123)\n\tat org.apache.maven.surefire.booter.ForkedBooter.runSuitesInProcess(ForkedBooter.java:456)\n\tat org.apache.maven.surefire.booter.ForkedBooter.execute(ForkedBooter.java:169)\n\tat org.apache.maven.surefire.booter.ForkedBooter.run(ForkedBooter.java:595)\n\tat org.apache.maven.surefire.booter.ForkedBooter.main(ForkedBooter.java:581)\n"},"stage":"finished","steps":[{"name":"Open URL: https://mini-app-center.web.app/","status":"passed","stage":"finished","steps":[],"attachments":[],"parameters":[{"name":"URL","value":"https://mini-app-center.web.app/"}],"start":1667276338807,"stop":1667276373038},{"name":"Click element: By.xpath: (//a[normalize-space() = 'Login'])[1]","status":"passed","stage":"finished","steps":[{"name":"Sleep 0 seconds","status":"passed","stage":"finished","steps":[],"attachments":[],"parameters":[{"name":"second","value":"0"}],"start":1667276374597,"stop":1667276374597},{"name":"Sleep 1 seconds","status":"passed","stage":"finished","steps":[],"attachments":[],"parameters":[{"name":"second","value":"1"}],"start":1667276374606,"stop":1667276375611}],"attachments":[],"parameters":[{"name":"by","value":"By.xpath: (//a[normalize-space() = 'Login'])[1]"}],"start":1667276373043,"stop":1667276389829},{"name":"Set text 0967313516 on By.xpath: //input[@id = 'login_email']","status":"passed","stage":"finished","steps":[{"name":"Sleep 0 seconds","status":"passed","stage":"finished","steps":[],"attachments":[],"parameters":[{"name":"second","value":"0"}],"start":1667276389870,"stop":1667276389870},{"name":"Sleep 1 seconds","status":"passed","stage":"finished","steps":[],"attachments":[],"parameters":[{"name":"second","value":"1"}],"start":1667276389876,"stop":1667276390881}],"attachments":[],"parameters":[{"name":"by","value":"By.xpath: //input[@id = 'login_email']"},{"name":"value","value":"0967313516"}],"start":1667276389856,"stop":1667276390977},{"name":"Set text 119411NganNgan@ on By.xpath: //input[@id = 'login_password']","status":"passed","stage":"finished","steps":[{"name":"Sleep 0 seconds","status":"passed","stage":"finished","steps":[],"attachments":[],"parameters":[{"name":"second","value":"0"}],"start":1667276391000,"stop":1667276391000},{"name":"Sleep 1 seconds","status":"passed","stage":"finished","steps":[],"attachments":[],"parameters":[{"name":"second","value":"1"}],"start":1667276391006,"stop":1667276392009}],"attachments":[],"parameters":[{"name":"by","value":"By.xpath: //input[@id = 'login_password']"},{"name":"value","value":"119411NganNgan@"}],"start":1667276390989,"stop":1667276392060},{"name":"Click element: By.xpath: //button[@type='submit']","status":"passed","stage":"finished","steps":[{"name":"Sleep 0 seconds","status":"passed","stage":"finished","steps":[],"attachments":[],"parameters":[{"name":"second","value":"0"}],"start":1667276392073,"stop":1667276392073},{"name":"Sleep 1 seconds","status":"passed","stage":"finished","steps":[],"attachments":[],"parameters":[{"name":"second","value":"1"}],"start":1667276392078,"stop":1667276393083}],"attachments":[],"parameters":[{"name":"by","value":"By.xpath: //button[@type='submit']"}],"start":1667276392060,"stop":1667276393131},{"name":"Sleep 15 seconds","status":"passed","stage":"finished","steps":[],"attachments":[],"parameters":[{"name":"second","value":"15"}],"start":1667276393131,"stop":1667276408134},{"name":"Click element: By.xpath: //span[normalize-space()='Ngăn Ngăn Shop']","status":"broken","statusDetails":{"known":false,"muted":false,"flaky":false,"message":"Expected condition failed: waiting for visibility of element located by By.xpath: //span[normalize-space()='Ngăn Ngăn Shop'] (tried for 10 second(s) with 500 milliseconds interval)\nBuild info: version: '4.5.0', revision: 'fe167b119a'\nSystem info: os.name: 'Mac OS X', os.arch: 'aarch64', os.version: '12.5.1', java.version: '18.0.2'\nDriver info: org.openqa.selenium.chrome.ChromeDriver\nCapabilities {acceptInsecureCerts: false, browserName: chrome, browserVersion: 107.0.5304.87, chrome: {chromedriverVersion: 107.0.5304.62 (1eec40d3a576..., userDataDir: /var/folders/57/zjxg7xzj2gd...}, goog:chromeOptions: {debuggerAddress: localhost:52142}, networkConnectionEnabled: false, pageLoadStrategy: normal, platformName: MAC, proxy: Proxy(), se:cdp: ws://localhost:52142/devtoo..., se:cdpVersion: 107.0.5304.87, setWindowRect: true, strictFileInteractability: false, timeouts: {implicit: 0, pageLoad: 300000, script: 30000}, unhandledPromptBehavior: dismiss and notify, webauthn:extension:credBlob: true, webauthn:extension:largeBlob: true, webauthn:virtualAuthenticators: true}\nSession ID: 0a158937fd0365f24460061d348805cf","trace":"org.openqa.selenium.TimeoutException: Expected condition failed: waiting for visibility of element located by By.xpath: //span[normalize-space()='Ngăn Ngăn Shop'] (tried for 10 second(s) with 500 milliseconds interval)\nBuild info: version: '4.5.0', revision: 'fe167b119a'\nSystem info: os.name: 'Mac OS X', os.arch: 'aarch64', os.version: '12.5.1', java.version: '18.0.2'\nDriver info: org.openqa.selenium.chrome.ChromeDriver\nCapabilities {acceptInsecureCerts: false, browserName: chrome, browserVersion: 107.0.5304.87, chrome: {chromedriverVersion: 107.0.5304.62 (1eec40d3a576..., userDataDir: /var/folders/57/zjxg7xzj2gd...}, goog:chromeOptions: {debuggerAddress: localhost:52142}, networkConnectionEnabled: false, pageLoadStrategy: normal, platformName: MAC, proxy: Proxy(), se:cdp: ws://localhost:52142/devtoo..., se:cdpVersion: 107.0.5304.87, setWindowRect: true, strictFileInteractability: false, timeouts: {implicit: 0, pageLoad: 300000, script: 30000}, unhandledPromptBehavior: dismiss and notify, webauthn:extension:credBlob: true, webauthn:extension:largeBlob: true, webauthn:virtualAuthenticators: true}\nSession ID: 0a158937fd0365f24460061d348805cf\n\tat org.openqa.selenium.support.ui.WebDriverWait.timeoutException(WebDriverWait.java:87)\n\tat org.openqa.selenium.support.ui.FluentWait.until(FluentWait.java:231)\n\tat utils.WebUI.clickElement(WebUI.java:42)\n\tat MiniAppCenter.Pages.RegisterMiniAppPage.viewMiniAppList(RegisterMiniAppPage.java:39)\n\tat MiniAppCenter.Pages.AddMiniAppsPage.searchAndViewMiniApp(AddMiniAppsPage.java:110)\n\tat MiniAppCenter.TestCases.AppInfoTest.configAppInfo(AppInfoTest.java:17)\n\tat java.base/jdk.internal.reflect.DirectMethodHandleAccessor.invoke(DirectMethodHandleAccessor.java:104)\n\tat java.base/java.lang.reflect.Method.invoke(Method.java:577)\n\tat org.testng.internal.MethodInvocationHelper.invokeMethod(MethodInvocationHelper.java:133)\n\tat org.testng.internal.TestInvoker.invokeMethod(TestInvoker.java:598)\n\tat org.testng.internal.TestInvoker.invokeTestMethod(TestInvoker.java:173)\n\tat org.testng.internal.MethodRunner.runInSequence(MethodRunner.java:46)\n\tat org.testng.internal.TestInvoker$MethodInvocationAgent.invoke(TestInvoker.java:824)\n\tat org.testng.internal.TestInvoker.invokeTestMethods(TestInvoker.java:146)\n\tat org.testng.internal.TestMethodWorker.invokeTestMethods(TestMethodWorker.java:146)\n\tat org.testng.internal.TestMethodWorker.run(TestMethodWorker.java:128)\n\tat java.base/java.util.ArrayList.forEach(ArrayList.java:1511)\n\tat org.testng.TestRunner.privateRun(TestRunner.java:794)\n\tat org.testng.TestRunner.run(TestRunner.java:596)\n\tat org.testng.SuiteRunner.runTest(SuiteRunner.java:377)\n\tat org.testng.SuiteRunner.runSequentially(SuiteRunner.java:371)\n\tat org.testng.SuiteRunner.privateRun(SuiteRunner.java:332)\n\tat org.testng.SuiteRunner.run(SuiteRunner.java:276)\n\tat org.testng.SuiteRunnerWorker.runSuite(SuiteRunnerWorker.java:53)\n\tat org.testng.SuiteRunnerWorker.run(SuiteRunnerWorker.java:96)\n\tat org.testng.TestNG.runSuitesSequentially(TestNG.java:1212)\n\tat org.testng.TestNG.runSuitesLocally(TestNG.java:1134)\n\tat org.testng.TestNG.runSuites(TestNG.java:1063)\n\tat org.testng.TestNG.run(TestNG.java:1031)\n\tat org.apache.maven.surefire.testng.TestNGExecutor.run(TestNGExecutor.java:324)\n\tat org.apache.maven.surefire.testng.TestNGXmlTestSuite.execute(TestNGXmlTestSuite.java:74)\n\tat org.apache.maven.surefire.testng.TestNGProvider.invoke(TestNGProvider.java:123)\n\tat org.apache.maven.surefire.booter.ForkedBooter.runSuitesInProcess(ForkedBooter.java:456)\n\tat org.apache.maven.surefire.booter.ForkedBooter.execute(ForkedBooter.java:169)\n\tat org.apache.maven.surefire.booter.ForkedBooter.run(ForkedBooter.java:595)\n\tat org.apache.maven.surefire.booter.ForkedBooter.main(ForkedBooter.java:581)\n"},"stage":"finished","steps":[],"attachments":[],"parameters":[{"name":"by","value":"By.xpath: //span[normalize-space()='Ngăn Ngăn Shop']"}],"start":1667276408137,"stop":1667276418261}],"attachments":[{"name":"configAppInfois failed and screenshot taken!","source":"7aff78b2-3b55-4c2c-bf7d-b7df5f2e72c6-attachment","type":"text/plain"},{"name":"Page screenshot","source":"daea0799-3d68-4216-9aad-cabaa1a9890c-attachment","type":"image/png"}],"parameters":[{"name":"browser","value":"chrome"}],"start":1667276338746,"stop":1667276418569}