{"uuid":"cd84e028-4a73-4281-acf3-b9c510b19bf9","historyId":"56993a40a75ff02f58b6d76784b7ebc1","fullName":"MiniAppCenter.TestCases.AppInfoTest.configAppInfo","labels":[{"name":"package","value":"MiniAppCenter.TestCases.AppInfoTest"},{"name":"testClass","value":"MiniAppCenter.TestCases.AppInfoTest"},{"name":"testMethod","value":"configAppInfo"},{"name":"parentSuite","value":"Suite"},{"name":"suite","value":"Smoke Test flow Add - Approved - Build Mini App"},{"name":"subSuite","value":"MiniAppCenter.TestCases.AppInfoTest"},{"name":"host","value":"NGANDANG-ITC-APP.local"},{"name":"thread","value":"79985@NGANDANG-ITC-APP.local.main(1)"},{"name":"framework","value":"testng"},{"name":"language","value":"java"}],"links":[],"name":"configAppInfo","status":"broken","statusDetails":{"known":false,"muted":false,"flaky":false,"message":"Expected condition failed: waiting for visibility of element located by By.xpath: //span[normalize-space()='View'] (tried for 10 second(s) with 500 milliseconds interval)\nBuild info: version: '4.5.0', revision: 'fe167b119a'\nSystem info: os.name: 'Mac OS X', os.arch: 'aarch64', os.version: '12.5.1', java.version: '19'\nDriver info: org.openqa.selenium.chrome.ChromeDriver\nCapabilities {acceptInsecureCerts: false, browserName: chrome, browserVersion: 107.0.5304.62, chrome: {chromedriverVersion: 107.0.5304.62 (1eec40d3a576..., userDataDir: /var/folders/57/zjxg7xzj2gd...}, goog:chromeOptions: {debuggerAddress: localhost:55518}, networkConnectionEnabled: false, pageLoadStrategy: normal, platformName: MAC, proxy: Proxy(), se:cdp: ws://localhost:55518/devtoo..., se:cdpVersion: 107.0.5304.62, setWindowRect: true, strictFileInteractability: false, timeouts: {implicit: 0, pageLoad: 300000, script: 30000}, unhandledPromptBehavior: dismiss and notify, webauthn:extension:credBlob: true, webauthn:extension:largeBlob: true, webauthn:virtualAuthenticators: true}\nSession ID: 77b7a9cb98d02ff339910bca477513cd","trace":"org.openqa.selenium.TimeoutException: Expected condition failed: waiting for visibility of element located by By.xpath: //span[normalize-space()='View'] (tried for 10 second(s) with 500 milliseconds interval)\nBuild info: version: '4.5.0', revision: 'fe167b119a'\nSystem info: os.name: 'Mac OS X', os.arch: 'aarch64', os.version: '12.5.1', java.version: '19'\nDriver info: org.openqa.selenium.chrome.ChromeDriver\nCapabilities {acceptInsecureCerts: false, browserName: chrome, browserVersion: 107.0.5304.62, chrome: {chromedriverVersion: 107.0.5304.62 (1eec40d3a576..., userDataDir: /var/folders/57/zjxg7xzj2gd...}, goog:chromeOptions: {debuggerAddress: localhost:55518}, networkConnectionEnabled: false, pageLoadStrategy: normal, platformName: MAC, proxy: Proxy(), se:cdp: ws://localhost:55518/devtoo..., se:cdpVersion: 107.0.5304.62, setWindowRect: true, strictFileInteractability: false, timeouts: {implicit: 0, pageLoad: 300000, script: 30000}, unhandledPromptBehavior: dismiss and notify, webauthn:extension:credBlob: true, webauthn:extension:largeBlob: true, webauthn:virtualAuthenticators: true}\nSession ID: 77b7a9cb98d02ff339910bca477513cd\n\tat org.openqa.selenium.support.ui.WebDriverWait.timeoutException(WebDriverWait.java:87)\n\tat org.openqa.selenium.support.ui.FluentWait.until(FluentWait.java:231)\n\tat utils.WebUI.clickElement(WebUI.java:42)\n\tat MiniAppCenter.Pages.AddMiniAppsPage.searchAndViewMiniApp(AddMiniAppsPage.java:116)\n\tat MiniAppCenter.TestCases.AppInfoTest.configAppInfo(AppInfoTest.java:17)\n\tat java.base/jdk.internal.reflect.DirectMethodHandleAccessor.invoke(DirectMethodHandleAccessor.java:104)\n\tat java.base/java.lang.reflect.Method.invoke(Method.java:578)\n\tat org.testng.internal.MethodInvocationHelper.invokeMethod(MethodInvocationHelper.java:133)\n\tat org.testng.internal.TestInvoker.invokeMethod(TestInvoker.java:598)\n\tat org.testng.internal.TestInvoker.invokeTestMethod(TestInvoker.java:173)\n\tat org.testng.internal.MethodRunner.runInSequence(MethodRunner.java:46)\n\tat org.testng.internal.TestInvoker$MethodInvocationAgent.invoke(TestInvoker.java:824)\n\tat org.testng.internal.TestInvoker.invokeTestMethods(TestInvoker.java:146)\n\tat org.testng.internal.TestMethodWorker.invokeTestMethods(TestMethodWorker.java:146)\n\tat org.testng.internal.TestMethodWorker.run(TestMethodWorker.java:128)\n\tat java.base/java.util.ArrayList.forEach(ArrayList.java:1511)\n\tat org.testng.TestRunner.privateRun(TestRunner.java:794)\n\tat org.testng.TestRunner.run(TestRunner.java:596)\n\tat org.testng.SuiteRunner.runTest(SuiteRunner.java:377)\n\tat org.testng.SuiteRunner.runSequentially(SuiteRunner.java:371)\n\tat org.testng.SuiteRunner.privateRun(SuiteRunner.java:332)\n\tat org.testng.SuiteRunner.run(SuiteRunner.java:276)\n\tat org.testng.SuiteRunnerWorker.runSuite(SuiteRunnerWorker.java:53)\n\tat org.testng.SuiteRunnerWorker.run(SuiteRunnerWorker.java:96)\n\tat org.testng.TestNG.runSuitesSequentially(TestNG.java:1212)\n\tat org.testng.TestNG.runSuitesLocally(TestNG.java:1134)\n\tat org.testng.TestNG.runSuites(TestNG.java:1063)\n\tat org.testng.TestNG.run(TestNG.java:1031)\n\tat org.apache.maven.surefire.testng.TestNGExecutor.run(TestNGExecutor.java:324)\n\tat org.apache.maven.surefire.testng.TestNGXmlTestSuite.execute(TestNGXmlTestSuite.java:74)\n\tat org.apache.maven.surefire.testng.TestNGProvider.invoke(TestNGProvider.java:123)\n\tat org.apache.maven.surefire.booter.ForkedBooter.runSuitesInProcess(ForkedBooter.java:456)\n\tat org.apache.maven.surefire.booter.ForkedBooter.execute(ForkedBooter.java:169)\n\tat org.apache.maven.surefire.booter.ForkedBooter.run(ForkedBooter.java:595)\n\tat org.apache.maven.surefire.booter.ForkedBooter.main(ForkedBooter.java:581)\n"},"stage":"finished","steps":[{"name":"Open URL: https://mini-app-center.web.app/","status":"passed","stage":"finished","steps":[],"attachments":[],"parameters":[{"name":"URL","value":"https://mini-app-center.web.app/"}],"start":1666840823149,"stop":1666840824237},{"name":"Click element: By.xpath: (//a[normalize-space() = 'Login'])[1]","status":"passed","stage":"finished","steps":[{"name":"Sleep 0 seconds","status":"passed","stage":"finished","steps":[],"attachments":[],"parameters":[{"name":"second","value":"0"}],"start":1666840824767,"stop":1666840824767},{"name":"Sleep 1 seconds","status":"passed","stage":"finished","steps":[],"attachments":[],"parameters":[{"name":"second","value":"1"}],"start":1666840824772,"stop":1666840825777}],"attachments":[],"parameters":[{"name":"by","value":"By.xpath: (//a[normalize-space() = 'Login'])[1]"}],"start":1666840824237,"stop":1666840826264},{"name":"Set text 0967313514 on By.xpath: //input[@id = 'login_email']","status":"passed","stage":"finished","steps":[{"name":"Sleep 0 seconds","status":"passed","stage":"finished","steps":[],"attachments":[],"parameters":[{"name":"second","value":"0"}],"start":1666840826326,"stop":1666840826326},{"name":"Sleep 1 seconds","status":"passed","stage":"finished","steps":[],"attachments":[],"parameters":[{"name":"second","value":"1"}],"start":1666840826331,"stop":1666840827336}],"attachments":[],"parameters":[{"name":"by","value":"By.xpath: //input[@id = 'login_email']"},{"name":"value","value":"0967313514"}],"start":1666840826305,"stop":1666840827414},{"name":"Set text 119411NganNgan@ on By.xpath: //input[@id = 'login_password']","status":"passed","stage":"finished","steps":[{"name":"Sleep 0 seconds","status":"passed","stage":"finished","steps":[],"attachments":[],"parameters":[{"name":"second","value":"0"}],"start":1666840827438,"stop":1666840827438},{"name":"Sleep 1 seconds","status":"passed","stage":"finished","steps":[],"attachments":[],"parameters":[{"name":"second","value":"1"}],"start":1666840827443,"stop":1666840828449}],"attachments":[],"parameters":[{"name":"by","value":"By.xpath: //input[@id = 'login_password']"},{"name":"value","value":"119411NganNgan@"}],"start":1666840827425,"stop":1666840828525},{"name":"Click element: By.xpath: //button[@type='submit']","status":"passed","stage":"finished","steps":[{"name":"Sleep 0 seconds","status":"passed","stage":"finished","steps":[],"attachments":[],"parameters":[{"name":"second","value":"0"}],"start":1666840828539,"stop":1666840828539},{"name":"Sleep 1 seconds","status":"passed","stage":"finished","steps":[],"attachments":[],"parameters":[{"name":"second","value":"1"}],"start":1666840828545,"stop":1666840829549}],"attachments":[],"parameters":[{"name":"by","value":"By.xpath: //button[@type='submit']"}],"start":1666840828525,"stop":1666840829617},{"name":"Sleep 15 seconds","status":"passed","stage":"finished","steps":[],"attachments":[],"parameters":[{"name":"second","value":"15"}],"start":1666840829617,"stop":1666840844622},{"name":"Click element: By.xpath: //span[normalize-space()='Ngﾄハ Ngﾄハ Shop']","status":"passed","stage":"finished","steps":[{"name":"Sleep 0 seconds","status":"passed","stage":"finished","steps":[],"attachments":[],"parameters":[{"name":"second","value":"0"}],"start":1666840844659,"stop":1666840844659},{"name":"Sleep 1 seconds","status":"passed","stage":"finished","steps":[],"attachments":[],"parameters":[{"name":"second","value":"1"}],"start":1666840844668,"stop":1666840845671}],"attachments":[],"parameters":[{"name":"by","value":"By.xpath: //span[normalize-space()='Ngﾄハ Ngﾄハ Shop']"}],"start":1666840844625,"stop":1666840845713},{"name":"Click element: By.xpath: //span[@class='ant-menu-title-content'][normalize-space()='Mini Apps']","status":"passed","stage":"finished","steps":[{"name":"Sleep 0 seconds","status":"passed","stage":"finished","steps":[],"attachments":[],"parameters":[{"name":"second","value":"0"}],"start":1666840846263,"stop":1666840846263},{"name":"Sleep 1 seconds","status":"passed","stage":"finished","steps":[],"attachments":[],"parameters":[{"name":"second","value":"1"}],"start":1666840846273,"stop":1666840847278}],"attachments":[],"parameters":[{"name":"by","value":"By.xpath: //span[@class='ant-menu-title-content'][normalize-space()='Mini Apps']"}],"start":1666840845713,"stop":1666840847343},{"name":"Verrify Equal MINI APP LIST on By.xpath: //div[@class='title___49HqJ']","status":"passed","stage":"finished","steps":[],"attachments":[],"parameters":[{"name":"by","value":"By.xpath: //div[@class='title___49HqJ']"},{"name":"verifyText","value":"MINI APP LIST"},{"name":"message","value":"Title MINI APP LIST is NOT displayed"}],"start":1666840847343,"stop":1666840847893},{"name":"Click element: By.xpath: //span[normalize-space()='Menu']","status":"passed","stage":"finished","steps":[{"name":"Sleep 0 seconds","status":"passed","stage":"finished","steps":[],"attachments":[],"parameters":[{"name":"second","value":"0"}],"start":1666840847908,"stop":1666840847908},{"name":"Sleep 1 seconds","status":"passed","stage":"finished","steps":[],"attachments":[],"parameters":[{"name":"second","value":"1"}],"start":1666840847915,"stop":1666840848920}],"attachments":[],"parameters":[{"name":"by","value":"By.xpath: //span[normalize-space()='Menu']"}],"start":1666840847893,"stop":1666840848980},{"name":"Sleep 2 seconds","status":"passed","stage":"finished","steps":[],"attachments":[],"parameters":[{"name":"second","value":"2"}],"start":1666840848980,"stop":1666840850985},{"name":"Set text Bear Coffee 27 on By.xpath: //input[@placeholder='Search Mini App']","status":"passed","stage":"finished","steps":[{"name":"Sleep 0 seconds","status":"passed","stage":"finished","steps":[],"attachments":[],"parameters":[{"name":"second","value":"0"}],"start":1666840851014,"stop":1666840851014},{"name":"Sleep 1 seconds","status":"passed","stage":"finished","steps":[],"attachments":[],"parameters":[{"name":"second","value":"1"}],"start":1666840851024,"stop":1666840852029}],"attachments":[],"parameters":[{"name":"by","value":"By.xpath: //input[@placeholder='Search Mini App']"},{"name":"value","value":"Bear Coffee 27"}],"start":1666840850986,"stop":1666840852096},{"name":"Sleep 2 seconds","status":"passed","stage":"finished","steps":[],"attachments":[],"parameters":[{"name":"second","value":"2"}],"start":1666840852096,"stop":1666840854101},{"name":"Click element: By.xpath: //span[normalize-space()='View']","status":"broken","statusDetails":{"known":false,"muted":false,"flaky":false,"message":"Expected condition failed: waiting for visibility of element located by By.xpath: //span[normalize-space()='View'] (tried for 10 second(s) with 500 milliseconds interval)\nBuild info: version: '4.5.0', revision: 'fe167b119a'\nSystem info: os.name: 'Mac OS X', os.arch: 'aarch64', os.version: '12.5.1', java.version: '19'\nDriver info: org.openqa.selenium.chrome.ChromeDriver\nCapabilities {acceptInsecureCerts: false, browserName: chrome, browserVersion: 107.0.5304.62, chrome: {chromedriverVersion: 107.0.5304.62 (1eec40d3a576..., userDataDir: /var/folders/57/zjxg7xzj2gd...}, goog:chromeOptions: {debuggerAddress: localhost:55518}, networkConnectionEnabled: false, pageLoadStrategy: normal, platformName: MAC, proxy: Proxy(), se:cdp: ws://localhost:55518/devtoo..., se:cdpVersion: 107.0.5304.62, setWindowRect: true, strictFileInteractability: false, timeouts: {implicit: 0, pageLoad: 300000, script: 30000}, unhandledPromptBehavior: dismiss and notify, webauthn:extension:credBlob: true, webauthn:extension:largeBlob: true, webauthn:virtualAuthenticators: true}\nSession ID: 77b7a9cb98d02ff339910bca477513cd","trace":"org.openqa.selenium.TimeoutException: Expected condition failed: waiting for visibility of element located by By.xpath: //span[normalize-space()='View'] (tried for 10 second(s) with 500 milliseconds interval)\nBuild info: version: '4.5.0', revision: 'fe167b119a'\nSystem info: os.name: 'Mac OS X', os.arch: 'aarch64', os.version: '12.5.1', java.version: '19'\nDriver info: org.openqa.selenium.chrome.ChromeDriver\nCapabilities {acceptInsecureCerts: false, browserName: chrome, browserVersion: 107.0.5304.62, chrome: {chromedriverVersion: 107.0.5304.62 (1eec40d3a576..., userDataDir: /var/folders/57/zjxg7xzj2gd...}, goog:chromeOptions: {debuggerAddress: localhost:55518}, networkConnectionEnabled: false, pageLoadStrategy: normal, platformName: MAC, proxy: Proxy(), se:cdp: ws://localhost:55518/devtoo..., se:cdpVersion: 107.0.5304.62, setWindowRect: true, strictFileInteractability: false, timeouts: {implicit: 0, pageLoad: 300000, script: 30000}, unhandledPromptBehavior: dismiss and notify, webauthn:extension:credBlob: true, webauthn:extension:largeBlob: true, webauthn:virtualAuthenticators: true}\nSession ID: 77b7a9cb98d02ff339910bca477513cd\n\tat org.openqa.selenium.support.ui.WebDriverWait.timeoutException(WebDriverWait.java:87)\n\tat org.openqa.selenium.support.ui.FluentWait.until(FluentWait.java:231)\n\tat utils.WebUI.clickElement(WebUI.java:42)\n\tat MiniAppCenter.Pages.AddMiniAppsPage.searchAndViewMiniApp(AddMiniAppsPage.java:116)\n\tat MiniAppCenter.TestCases.AppInfoTest.configAppInfo(AppInfoTest.java:17)\n\tat java.base/jdk.internal.reflect.DirectMethodHandleAccessor.invoke(DirectMethodHandleAccessor.java:104)\n\tat java.base/java.lang.reflect.Method.invoke(Method.java:578)\n\tat org.testng.internal.MethodInvocationHelper.invokeMethod(MethodInvocationHelper.java:133)\n\tat org.testng.internal.TestInvoker.invokeMethod(TestInvoker.java:598)\n\tat org.testng.internal.TestInvoker.invokeTestMethod(TestInvoker.java:173)\n\tat org.testng.internal.MethodRunner.runInSequence(MethodRunner.java:46)\n\tat org.testng.internal.TestInvoker$MethodInvocationAgent.invoke(TestInvoker.java:824)\n\tat org.testng.internal.TestInvoker.invokeTestMethods(TestInvoker.java:146)\n\tat org.testng.internal.TestMethodWorker.invokeTestMethods(TestMethodWorker.java:146)\n\tat org.testng.internal.TestMethodWorker.run(TestMethodWorker.java:128)\n\tat java.base/java.util.ArrayList.forEach(ArrayList.java:1511)\n\tat org.testng.TestRunner.privateRun(TestRunner.java:794)\n\tat org.testng.TestRunner.run(TestRunner.java:596)\n\tat org.testng.SuiteRunner.runTest(SuiteRunner.java:377)\n\tat org.testng.SuiteRunner.runSequentially(SuiteRunner.java:371)\n\tat org.testng.SuiteRunner.privateRun(SuiteRunner.java:332)\n\tat org.testng.SuiteRunner.run(SuiteRunner.java:276)\n\tat org.testng.SuiteRunnerWorker.runSuite(SuiteRunnerWorker.java:53)\n\tat org.testng.SuiteRunnerWorker.run(SuiteRunnerWorker.java:96)\n\tat org.testng.TestNG.runSuitesSequentially(TestNG.java:1212)\n\tat org.testng.TestNG.runSuitesLocally(TestNG.java:1134)\n\tat org.testng.TestNG.runSuites(TestNG.java:1063)\n\tat org.testng.TestNG.run(TestNG.java:1031)\n\tat org.apache.maven.surefire.testng.TestNGExecutor.run(TestNGExecutor.java:324)\n\tat org.apache.maven.surefire.testng.TestNGXmlTestSuite.execute(TestNGXmlTestSuite.java:74)\n\tat org.apache.maven.surefire.testng.TestNGProvider.invoke(TestNGProvider.java:123)\n\tat org.apache.maven.surefire.booter.ForkedBooter.runSuitesInProcess(ForkedBooter.java:456)\n\tat org.apache.maven.surefire.booter.ForkedBooter.execute(ForkedBooter.java:169)\n\tat org.apache.maven.surefire.booter.ForkedBooter.run(ForkedBooter.java:595)\n\tat org.apache.maven.surefire.booter.ForkedBooter.main(ForkedBooter.java:581)\n"},"stage":"finished","steps":[],"attachments":[],"parameters":[{"name":"by","value":"By.xpath: //span[normalize-space()='View']"}],"start":1666840854102,"stop":1666840864420}],"attachments":[{"name":"configAppInfois failed and screenshot taken!","source":"ef3a1c90-afbb-4c2e-b258-40ad0df5b448-attachment","type":"text/plain"},{"name":"Page screenshot","source":"e370d68e-412e-418d-9ec7-8821949fd2c6-attachment","type":"image/png"}],"parameters":[{"name":"browser","value":"chrome"}],"start":1666840823103,"stop":1666840864696}