{"uuid":"f3bb76c9-b512-430c-a267-d6c87141ca4d","historyId":"3d388d89b03106bd8e09f4491f6b0bbe","fullName":"MiniAppCenter.TestCases.AddMiniAppTest.addMiniAppReactNative","labels":[{"name":"package","value":"MiniAppCenter.TestCases.AddMiniAppTest"},{"name":"testClass","value":"MiniAppCenter.TestCases.AddMiniAppTest"},{"name":"testMethod","value":"addMiniAppReactNative"},{"name":"parentSuite","value":"Suite"},{"name":"suite","value":"Smoke Test flow Add - Approved - Build Mini App"},{"name":"subSuite","value":"MiniAppCenter.TestCases.AddMiniAppTest"},{"name":"host","value":"NGANDANG-ITC-APP.local"},{"name":"thread","value":"60724@NGANDANG-ITC-APP.local.main(1)"},{"name":"framework","value":"testng"},{"name":"language","value":"java"}],"links":[],"name":"addMiniAppReactNative","status":"broken","statusDetails":{"known":false,"muted":false,"flaky":false,"message":"Expected condition failed: waiting for visibility of element located by By.xpath: //span[normalize-space()='Register Mini App Plan'] (tried for 10 second(s) with 500 milliseconds interval)\nBuild info: version: '4.5.0', revision: 'fe167b119a'\nSystem info: os.name: 'Mac OS X', os.arch: 'aarch64', os.version: '12.5.1', java.version: '19'\nDriver info: org.openqa.selenium.chrome.ChromeDriver\nCapabilities {acceptInsecureCerts: false, browserName: chrome, browserVersion: 106.0.5249.119, chrome: {chromedriverVersion: 106.0.5249.61 (511755355844..., userDataDir: /var/folders/57/zjxg7xzj2gd...}, goog:chromeOptions: {debuggerAddress: localhost:53607}, networkConnectionEnabled: false, pageLoadStrategy: normal, platformName: MAC, proxy: Proxy(), se:cdp: ws://localhost:53607/devtoo..., se:cdpVersion: 106.0.5249.119, setWindowRect: true, strictFileInteractability: false, timeouts: {implicit: 0, pageLoad: 300000, script: 30000}, unhandledPromptBehavior: dismiss and notify, webauthn:extension:credBlob: true, webauthn:extension:largeBlob: true, webauthn:virtualAuthenticators: true}\nSession ID: 2e429b8064d4d4ea2fb0a134b79fde04","trace":"org.openqa.selenium.TimeoutException: Expected condition failed: waiting for visibility of element located by By.xpath: //span[normalize-space()='Register Mini App Plan'] (tried for 10 second(s) with 500 milliseconds interval)\nBuild info: version: '4.5.0', revision: 'fe167b119a'\nSystem info: os.name: 'Mac OS X', os.arch: 'aarch64', os.version: '12.5.1', java.version: '19'\nDriver info: org.openqa.selenium.chrome.ChromeDriver\nCapabilities {acceptInsecureCerts: false, browserName: chrome, browserVersion: 106.0.5249.119, chrome: {chromedriverVersion: 106.0.5249.61 (511755355844..., userDataDir: /var/folders/57/zjxg7xzj2gd...}, goog:chromeOptions: {debuggerAddress: localhost:53607}, networkConnectionEnabled: false, pageLoadStrategy: normal, platformName: MAC, proxy: Proxy(), se:cdp: ws://localhost:53607/devtoo..., se:cdpVersion: 106.0.5249.119, setWindowRect: true, strictFileInteractability: false, timeouts: {implicit: 0, pageLoad: 300000, script: 30000}, unhandledPromptBehavior: dismiss and notify, webauthn:extension:credBlob: true, webauthn:extension:largeBlob: true, webauthn:virtualAuthenticators: true}\nSession ID: 2e429b8064d4d4ea2fb0a134b79fde04\n\tat org.openqa.selenium.support.ui.WebDriverWait.timeoutException(WebDriverWait.java:87)\n\tat org.openqa.selenium.support.ui.FluentWait.until(FluentWait.java:231)\n\tat utils.WebUI.waitForElementVisible(WebUI.java:141)\n\tat MiniAppCenter.Pages.RegisterMiniAppPage.registerMiniAppPlanSuccessReactNative(RegisterMiniAppPage.java:45)\n\tat MiniAppCenter.TestCases.AddMiniAppTest.addMiniAppReactNative(AddMiniAppTest.java:19)\n\tat java.base/jdk.internal.reflect.DirectMethodHandleAccessor.invoke(DirectMethodHandleAccessor.java:104)\n\tat java.base/java.lang.reflect.Method.invoke(Method.java:578)\n\tat org.testng.internal.MethodInvocationHelper.invokeMethod(MethodInvocationHelper.java:133)\n\tat org.testng.internal.TestInvoker.invokeMethod(TestInvoker.java:598)\n\tat org.testng.internal.TestInvoker.invokeTestMethod(TestInvoker.java:173)\n\tat org.testng.internal.MethodRunner.runInSequence(MethodRunner.java:46)\n\tat org.testng.internal.TestInvoker$MethodInvocationAgent.invoke(TestInvoker.java:824)\n\tat org.testng.internal.TestInvoker.invokeTestMethods(TestInvoker.java:146)\n\tat org.testng.internal.TestMethodWorker.invokeTestMethods(TestMethodWorker.java:146)\n\tat org.testng.internal.TestMethodWorker.run(TestMethodWorker.java:128)\n\tat java.base/java.util.ArrayList.forEach(ArrayList.java:1511)\n\tat org.testng.TestRunner.privateRun(TestRunner.java:794)\n\tat org.testng.TestRunner.run(TestRunner.java:596)\n\tat org.testng.SuiteRunner.runTest(SuiteRunner.java:377)\n\tat org.testng.SuiteRunner.runSequentially(SuiteRunner.java:371)\n\tat org.testng.SuiteRunner.privateRun(SuiteRunner.java:332)\n\tat org.testng.SuiteRunner.run(SuiteRunner.java:276)\n\tat org.testng.SuiteRunnerWorker.runSuite(SuiteRunnerWorker.java:53)\n\tat org.testng.SuiteRunnerWorker.run(SuiteRunnerWorker.java:96)\n\tat org.testng.TestNG.runSuitesSequentially(TestNG.java:1212)\n\tat org.testng.TestNG.runSuitesLocally(TestNG.java:1134)\n\tat org.testng.TestNG.runSuites(TestNG.java:1063)\n\tat org.testng.TestNG.run(TestNG.java:1031)\n\tat org.apache.maven.surefire.testng.TestNGExecutor.run(TestNGExecutor.java:324)\n\tat org.apache.maven.surefire.testng.TestNGXmlTestSuite.execute(TestNGXmlTestSuite.java:74)\n\tat org.apache.maven.surefire.testng.TestNGProvider.invoke(TestNGProvider.java:123)\n\tat org.apache.maven.surefire.booter.ForkedBooter.runSuitesInProcess(ForkedBooter.java:456)\n\tat org.apache.maven.surefire.booter.ForkedBooter.execute(ForkedBooter.java:169)\n\tat org.apache.maven.surefire.booter.ForkedBooter.run(ForkedBooter.java:595)\n\tat org.apache.maven.surefire.booter.ForkedBooter.main(ForkedBooter.java:581)\n"},"stage":"finished","steps":[{"name":"Open URL: https://mini-app-center.web.app/","status":"passed","stage":"finished","steps":[],"attachments":[],"parameters":[{"name":"URL","value":"https://mini-app-center.web.app/"}],"start":1666754932640,"stop":1666754939762},{"name":"Click element: By.xpath: //div[@class='ant-col right']//a[2]","status":"passed","stage":"finished","steps":[{"name":"Sleep 0 seconds","status":"passed","stage":"finished","steps":[],"attachments":[],"parameters":[{"name":"second","value":"0"}],"start":1666754940403,"stop":1666754940404},{"name":"Sleep 1 seconds","status":"passed","stage":"finished","steps":[],"attachments":[],"parameters":[{"name":"second","value":"1"}],"start":1666754940441,"stop":1666754941446}],"attachments":[],"parameters":[{"name":"by","value":"By.xpath: //div[@class='ant-col right']//a[2]"}],"start":1666754939762,"stop":1666754942296},{"name":"Set text 0967313511 on By.xpath: //input[@id = 'login_email']","status":"passed","stage":"finished","steps":[{"name":"Sleep 0 seconds","status":"passed","stage":"finished","steps":[],"attachments":[],"parameters":[{"name":"second","value":"0"}],"start":1666754942345,"stop":1666754942345},{"name":"Sleep 1 seconds","status":"passed","stage":"finished","steps":[],"attachments":[],"parameters":[{"name":"second","value":"1"}],"start":1666754942364,"stop":1666754943366}],"attachments":[],"parameters":[{"name":"by","value":"By.xpath: //input[@id = 'login_email']"},{"name":"value","value":"0967313511"}],"start":1666754942318,"stop":1666754943487},{"name":"Set text 119411NganNgan@ on By.xpath: //input[@id = 'login_password']","status":"passed","stage":"finished","steps":[{"name":"Sleep 0 seconds","status":"passed","stage":"finished","steps":[],"attachments":[],"parameters":[{"name":"second","value":"0"}],"start":1666754943532,"stop":1666754943532},{"name":"Sleep 1 seconds","status":"passed","stage":"finished","steps":[],"attachments":[],"parameters":[{"name":"second","value":"1"}],"start":1666754943539,"stop":1666754944540}],"attachments":[],"parameters":[{"name":"by","value":"By.xpath: //input[@id = 'login_password']"},{"name":"value","value":"119411NganNgan@"}],"start":1666754943509,"stop":1666754944596},{"name":"Click element: By.xpath: //span[contains(@aria-label,'eye')]","status":"passed","stage":"finished","steps":[{"name":"Sleep 0 seconds","status":"passed","stage":"finished","steps":[],"attachments":[],"parameters":[{"name":"second","value":"0"}],"start":1666754944616,"stop":1666754944616},{"name":"Sleep 1 seconds","status":"passed","stage":"finished","steps":[],"attachments":[],"parameters":[{"name":"second","value":"1"}],"start":1666754944626,"stop":1666754945629}],"attachments":[],"parameters":[{"name":"by","value":"By.xpath: //span[contains(@aria-label,'eye')]"}],"start":1666754944596,"stop":1666754945779},{"name":"Click element: By.xpath: //span[contains(@aria-label,'eye')]","status":"passed","stage":"finished","steps":[{"name":"Sleep 0 seconds","status":"passed","stage":"finished","steps":[],"attachments":[],"parameters":[{"name":"second","value":"0"}],"start":1666754945913,"stop":1666754945914},{"name":"Sleep 1 seconds","status":"passed","stage":"finished","steps":[],"attachments":[],"parameters":[{"name":"second","value":"1"}],"start":1666754946006,"stop":1666754947010}],"attachments":[],"parameters":[{"name":"by","value":"By.xpath: //span[contains(@aria-label,'eye')]"}],"start":1666754945835,"stop":1666754947040},{"name":"Click element: By.xpath: //button[@type='submit']","status":"passed","stage":"finished","steps":[{"name":"Sleep 0 seconds","status":"passed","stage":"finished","steps":[],"attachments":[],"parameters":[{"name":"second","value":"0"}],"start":1666754947085,"stop":1666754947085},{"name":"Sleep 1 seconds","status":"passed","stage":"finished","steps":[],"attachments":[],"parameters":[{"name":"second","value":"1"}],"start":1666754947130,"stop":1666754948148}],"attachments":[],"parameters":[{"name":"by","value":"By.xpath: //button[@type='submit']"}],"start":1666754947063,"stop":1666754948533},{"name":"Sleep 3 seconds","status":"passed","stage":"finished","steps":[],"attachments":[],"parameters":[{"name":"second","value":"3"}],"start":1666754948563,"stop":1666754951565},{"name":"Sleep 6 seconds","status":"passed","stage":"finished","steps":[],"attachments":[],"parameters":[{"name":"second","value":"6"}],"start":1666754951726,"stop":1666754957732},{"name":"Visibility of element located By.xpath: //span[normalize-space()='Register Mini App Plan']","status":"broken","statusDetails":{"known":false,"muted":false,"flaky":false,"message":"Expected condition failed: waiting for visibility of element located by By.xpath: //span[normalize-space()='Register Mini App Plan'] (tried for 10 second(s) with 500 milliseconds interval)\nBuild info: version: '4.5.0', revision: 'fe167b119a'\nSystem info: os.name: 'Mac OS X', os.arch: 'aarch64', os.version: '12.5.1', java.version: '19'\nDriver info: org.openqa.selenium.chrome.ChromeDriver\nCapabilities {acceptInsecureCerts: false, browserName: chrome, browserVersion: 106.0.5249.119, chrome: {chromedriverVersion: 106.0.5249.61 (511755355844..., userDataDir: /var/folders/57/zjxg7xzj2gd...}, goog:chromeOptions: {debuggerAddress: localhost:53607}, networkConnectionEnabled: false, pageLoadStrategy: normal, platformName: MAC, proxy: Proxy(), se:cdp: ws://localhost:53607/devtoo..., se:cdpVersion: 106.0.5249.119, setWindowRect: true, strictFileInteractability: false, timeouts: {implicit: 0, pageLoad: 300000, script: 30000}, unhandledPromptBehavior: dismiss and notify, webauthn:extension:credBlob: true, webauthn:extension:largeBlob: true, webauthn:virtualAuthenticators: true}\nSession ID: 2e429b8064d4d4ea2fb0a134b79fde04","trace":"org.openqa.selenium.TimeoutException: Expected condition failed: waiting for visibility of element located by By.xpath: //span[normalize-space()='Register Mini App Plan'] (tried for 10 second(s) with 500 milliseconds interval)\nBuild info: version: '4.5.0', revision: 'fe167b119a'\nSystem info: os.name: 'Mac OS X', os.arch: 'aarch64', os.version: '12.5.1', java.version: '19'\nDriver info: org.openqa.selenium.chrome.ChromeDriver\nCapabilities {acceptInsecureCerts: false, browserName: chrome, browserVersion: 106.0.5249.119, chrome: {chromedriverVersion: 106.0.5249.61 (511755355844..., userDataDir: /var/folders/57/zjxg7xzj2gd...}, goog:chromeOptions: {debuggerAddress: localhost:53607}, networkConnectionEnabled: false, pageLoadStrategy: normal, platformName: MAC, proxy: Proxy(), se:cdp: ws://localhost:53607/devtoo..., se:cdpVersion: 106.0.5249.119, setWindowRect: true, strictFileInteractability: false, timeouts: {implicit: 0, pageLoad: 300000, script: 30000}, unhandledPromptBehavior: dismiss and notify, webauthn:extension:credBlob: true, webauthn:extension:largeBlob: true, webauthn:virtualAuthenticators: true}\nSession ID: 2e429b8064d4d4ea2fb0a134b79fde04\n\tat org.openqa.selenium.support.ui.WebDriverWait.timeoutException(WebDriverWait.java:87)\n\tat org.openqa.selenium.support.ui.FluentWait.until(FluentWait.java:231)\n\tat utils.WebUI.waitForElementVisible(WebUI.java:141)\n\tat MiniAppCenter.Pages.RegisterMiniAppPage.registerMiniAppPlanSuccessReactNative(RegisterMiniAppPage.java:45)\n\tat MiniAppCenter.TestCases.AddMiniAppTest.addMiniAppReactNative(AddMiniAppTest.java:19)\n\tat java.base/jdk.internal.reflect.DirectMethodHandleAccessor.invoke(DirectMethodHandleAccessor.java:104)\n\tat java.base/java.lang.reflect.Method.invoke(Method.java:578)\n\tat org.testng.internal.MethodInvocationHelper.invokeMethod(MethodInvocationHelper.java:133)\n\tat org.testng.internal.TestInvoker.invokeMethod(TestInvoker.java:598)\n\tat org.testng.internal.TestInvoker.invokeTestMethod(TestInvoker.java:173)\n\tat org.testng.internal.MethodRunner.runInSequence(MethodRunner.java:46)\n\tat org.testng.internal.TestInvoker$MethodInvocationAgent.invoke(TestInvoker.java:824)\n\tat org.testng.internal.TestInvoker.invokeTestMethods(TestInvoker.java:146)\n\tat org.testng.internal.TestMethodWorker.invokeTestMethods(TestMethodWorker.java:146)\n\tat org.testng.internal.TestMethodWorker.run(TestMethodWorker.java:128)\n\tat java.base/java.util.ArrayList.forEach(ArrayList.java:1511)\n\tat org.testng.TestRunner.privateRun(TestRunner.java:794)\n\tat org.testng.TestRunner.run(TestRunner.java:596)\n\tat org.testng.SuiteRunner.runTest(SuiteRunner.java:377)\n\tat org.testng.SuiteRunner.runSequentially(SuiteRunner.java:371)\n\tat org.testng.SuiteRunner.privateRun(SuiteRunner.java:332)\n\tat org.testng.SuiteRunner.run(SuiteRunner.java:276)\n\tat org.testng.SuiteRunnerWorker.runSuite(SuiteRunnerWorker.java:53)\n\tat org.testng.SuiteRunnerWorker.run(SuiteRunnerWorker.java:96)\n\tat org.testng.TestNG.runSuitesSequentially(TestNG.java:1212)\n\tat org.testng.TestNG.runSuitesLocally(TestNG.java:1134)\n\tat org.testng.TestNG.runSuites(TestNG.java:1063)\n\tat org.testng.TestNG.run(TestNG.java:1031)\n\tat org.apache.maven.surefire.testng.TestNGExecutor.run(TestNGExecutor.java:324)\n\tat org.apache.maven.surefire.testng.TestNGXmlTestSuite.execute(TestNGXmlTestSuite.java:74)\n\tat org.apache.maven.surefire.testng.TestNGProvider.invoke(TestNGProvider.java:123)\n\tat org.apache.maven.surefire.booter.ForkedBooter.runSuitesInProcess(ForkedBooter.java:456)\n\tat org.apache.maven.surefire.booter.ForkedBooter.execute(ForkedBooter.java:169)\n\tat org.apache.maven.surefire.booter.ForkedBooter.run(ForkedBooter.java:595)\n\tat org.apache.maven.surefire.booter.ForkedBooter.main(ForkedBooter.java:581)\n"},"stage":"finished","steps":[],"attachments":[],"parameters":[{"name":"by","value":"By.xpath: //span[normalize-space()='Register Mini App Plan']"}],"start":1666754957751,"stop":1666754967828}],"attachments":[{"name":"addMiniAppReactNativeis failed and screenshot taken!","source":"531ae1da-1e6c-4362-9927-26e4c88ce9e6-attachment","type":"text/plain"},{"name":"Page screenshot","source":"215f752b-a531-4988-972b-5c61a6e9bb6c-attachment","type":"image/png"}],"parameters":[{"name":"browser","value":"chrome"}],"start":1666754932476,"stop":1666754968267}